{"/Users/carlos.cubas/Projects/personal-event-summary/src/cssGenerator.ts": {"path":"/Users/carlos.cubas/Projects/personal-event-summary/src/cssGenerator.ts","all":false,"statementMap":{"0":{"start":{"line":1,"column":0},"end":{"line":1,"column":3}},"1":{"start":{"line":2,"column":0},"end":{"line":2,"column":54}},"2":{"start":{"line":3,"column":0},"end":{"line":3,"column":2}},"3":{"start":{"line":4,"column":0},"end":{"line":4,"column":84}},"4":{"start":{"line":5,"column":0},"end":{"line":5,"column":85}},"5":{"start":{"line":6,"column":0},"end":{"line":6,"column":3}},"6":{"start":{"line":7,"column":0},"end":{"line":7,"column":0}},"7":{"start":{"line":8,"column":0},"end":{"line":8,"column":57}},"8":{"start":{"line":9,"column":0},"end":{"line":9,"column":0}},"9":{"start":{"line":10,"column":0},"end":{"line":10,"column":3}},"10":{"start":{"line":11,"column":0},"end":{"line":11,"column":59}},"11":{"start":{"line":12,"column":0},"end":{"line":12,"column":2}},"12":{"start":{"line":13,"column":0},"end":{"line":13,"column":69}},"13":{"start":{"line":14,"column":0},"end":{"line":14,"column":63}},"14":{"start":{"line":15,"column":0},"end":{"line":15,"column":3}},"15":{"start":{"line":16,"column":0},"end":{"line":16,"column":68}},"16":{"start":{"line":17,"column":0},"end":{"line":17,"column":29}},"17":{"start":{"line":18,"column":0},"end":{"line":18,"column":0}},"18":{"start":{"line":19,"column":0},"end":{"line":19,"column":43}},"19":{"start":{"line":20,"column":0},"end":{"line":20,"column":19}},"20":{"start":{"line":21,"column":0},"end":{"line":21,"column":65}},"21":{"start":{"line":22,"column":0},"end":{"line":22,"column":46}},"22":{"start":{"line":23,"column":0},"end":{"line":23,"column":47}},"23":{"start":{"line":24,"column":0},"end":{"line":24,"column":47}},"24":{"start":{"line":25,"column":0},"end":{"line":25,"column":25}},"25":{"start":{"line":26,"column":0},"end":{"line":26,"column":50}},"26":{"start":{"line":27,"column":0},"end":{"line":27,"column":3}},"27":{"start":{"line":28,"column":0},"end":{"line":28,"column":87}},"28":{"start":{"line":29,"column":0},"end":{"line":29,"column":38}},"29":{"start":{"line":30,"column":0},"end":{"line":30,"column":67}},"30":{"start":{"line":31,"column":0},"end":{"line":31,"column":3}},"31":{"start":{"line":32,"column":0},"end":{"line":32,"column":20}},"32":{"start":{"line":33,"column":0},"end":{"line":33,"column":17}},"33":{"start":{"line":34,"column":0},"end":{"line":34,"column":0}},"34":{"start":{"line":35,"column":0},"end":{"line":35,"column":22}},"35":{"start":{"line":36,"column":0},"end":{"line":36,"column":24}},"36":{"start":{"line":37,"column":0},"end":{"line":37,"column":0}},"37":{"start":{"line":38,"column":0},"end":{"line":38,"column":21}},"38":{"start":{"line":39,"column":0},"end":{"line":39,"column":31}},"39":{"start":{"line":40,"column":0},"end":{"line":40,"column":61}},"40":{"start":{"line":41,"column":0},"end":{"line":41,"column":65}},"41":{"start":{"line":42,"column":0},"end":{"line":42,"column":59}},"42":{"start":{"line":43,"column":0},"end":{"line":43,"column":67}},"43":{"start":{"line":44,"column":0},"end":{"line":44,"column":55}},"44":{"start":{"line":45,"column":0},"end":{"line":45,"column":17}},"45":{"start":{"line":46,"column":0},"end":{"line":46,"column":0}},"46":{"start":{"line":47,"column":0},"end":{"line":47,"column":42}},"47":{"start":{"line":48,"column":0},"end":{"line":48,"column":45}},"48":{"start":{"line":49,"column":0},"end":{"line":49,"column":67}},"49":{"start":{"line":50,"column":0},"end":{"line":50,"column":58}},"50":{"start":{"line":51,"column":0},"end":{"line":51,"column":17}},"51":{"start":{"line":52,"column":0},"end":{"line":52,"column":0}},"52":{"start":{"line":53,"column":0},"end":{"line":53,"column":13}},"53":{"start":{"line":54,"column":0},"end":{"line":54,"column":34}},"54":{"start":{"line":55,"column":0},"end":{"line":55,"column":125}},"55":{"start":{"line":56,"column":0},"end":{"line":56,"column":17}},"56":{"start":{"line":57,"column":0},"end":{"line":57,"column":0}},"57":{"start":{"line":58,"column":0},"end":{"line":58,"column":15}},"58":{"start":{"line":59,"column":0},"end":{"line":59,"column":35}},"59":{"start":{"line":60,"column":0},"end":{"line":60,"column":68}},"60":{"start":{"line":61,"column":0},"end":{"line":61,"column":62}},"61":{"start":{"line":62,"column":0},"end":{"line":62,"column":73}},"62":{"start":{"line":63,"column":0},"end":{"line":63,"column":67}},"63":{"start":{"line":64,"column":0},"end":{"line":64,"column":66}},"64":{"start":{"line":65,"column":0},"end":{"line":65,"column":17}},"65":{"start":{"line":66,"column":0},"end":{"line":66,"column":0}},"66":{"start":{"line":67,"column":0},"end":{"line":67,"column":11}},"67":{"start":{"line":68,"column":0},"end":{"line":68,"column":31}},"68":{"start":{"line":69,"column":0},"end":{"line":69,"column":64}},"69":{"start":{"line":70,"column":0},"end":{"line":70,"column":66}},"70":{"start":{"line":71,"column":0},"end":{"line":71,"column":70}},"71":{"start":{"line":72,"column":0},"end":{"line":72,"column":0}},"72":{"start":{"line":73,"column":0},"end":{"line":73,"column":22}},"73":{"start":{"line":74,"column":0},"end":{"line":74,"column":18}},"74":{"start":{"line":75,"column":0},"end":{"line":75,"column":17}},"75":{"start":{"line":76,"column":0},"end":{"line":76,"column":0}},"76":{"start":{"line":77,"column":0},"end":{"line":77,"column":26}},"77":{"start":{"line":78,"column":0},"end":{"line":78,"column":1}}},"s":{"0":1,"1":1,"2":1,"3":1,"4":1,"5":1,"6":1,"7":1,"8":1,"9":1,"10":1,"11":1,"12":1,"13":1,"14":1,"15":1,"16":548,"17":548,"18":548,"19":548,"20":548,"21":548,"22":548,"23":548,"24":548,"25":274,"26":274,"27":548,"28":548,"29":546,"30":546,"31":548,"32":548,"33":548,"34":548,"35":548,"36":548,"37":548,"38":548,"39":548,"40":548,"41":548,"42":548,"43":548,"44":548,"45":548,"46":548,"47":548,"48":548,"49":548,"50":548,"51":548,"52":548,"53":548,"54":548,"55":548,"56":548,"57":548,"58":548,"59":548,"60":548,"61":548,"62":548,"63":548,"64":548,"65":548,"66":548,"67":548,"68":548,"69":548,"70":548,"71":548,"72":548,"73":548,"74":548,"75":548,"76":548,"77":548},"branchMap":{"0":{"type":"branch","line":16,"loc":{"start":{"line":16,"column":7},"end":{"line":78,"column":1}},"locations":[{"start":{"line":16,"column":7},"end":{"line":78,"column":1}}]},"1":{"type":"branch","line":25,"loc":{"start":{"line":25,"column":24},"end":{"line":27,"column":3}},"locations":[{"start":{"line":25,"column":24},"end":{"line":27,"column":3}}]},"2":{"type":"branch","line":29,"loc":{"start":{"line":29,"column":37},"end":{"line":31,"column":3}},"locations":[{"start":{"line":29,"column":37},"end":{"line":31,"column":3}}]}},"b":{"0":[548],"1":[274],"2":[546]},"fnMap":{"0":{"name":"generateEventCSS","decl":{"start":{"line":16,"column":7},"end":{"line":78,"column":1}},"loc":{"start":{"line":16,"column":7},"end":{"line":78,"column":1}},"line":16}},"f":{"0":548}}
,"/Users/carlos.cubas/Projects/personal-event-summary/src/dataLoader.ts": {"path":"/Users/carlos.cubas/Projects/personal-event-summary/src/dataLoader.ts","all":false,"statementMap":{"0":{"start":{"line":1,"column":0},"end":{"line":1,"column":3}},"1":{"start":{"line":2,"column":0},"end":{"line":2,"column":21}},"2":{"start":{"line":3,"column":0},"end":{"line":3,"column":2}},"3":{"start":{"line":4,"column":0},"end":{"line":4,"column":83}},"4":{"start":{"line":5,"column":0},"end":{"line":5,"column":54}},"5":{"start":{"line":6,"column":0},"end":{"line":6,"column":3}},"6":{"start":{"line":7,"column":0},"end":{"line":7,"column":0}},"7":{"start":{"line":8,"column":0},"end":{"line":8,"column":48}},"8":{"start":{"line":9,"column":0},"end":{"line":9,"column":37}},"9":{"start":{"line":10,"column":0},"end":{"line":10,"column":36}},"10":{"start":{"line":11,"column":0},"end":{"line":11,"column":74}},"11":{"start":{"line":12,"column":0},"end":{"line":12,"column":75}},"12":{"start":{"line":13,"column":0},"end":{"line":13,"column":0}},"13":{"start":{"line":14,"column":0},"end":{"line":14,"column":36}},"14":{"start":{"line":15,"column":0},"end":{"line":15,"column":50}},"15":{"start":{"line":16,"column":0},"end":{"line":16,"column":38}},"16":{"start":{"line":17,"column":0},"end":{"line":17,"column":0}},"17":{"start":{"line":18,"column":0},"end":{"line":18,"column":34}},"18":{"start":{"line":19,"column":0},"end":{"line":19,"column":47}},"19":{"start":{"line":20,"column":0},"end":{"line":20,"column":44}},"20":{"start":{"line":21,"column":0},"end":{"line":21,"column":50}},"21":{"start":{"line":22,"column":0},"end":{"line":22,"column":65}},"22":{"start":{"line":23,"column":0},"end":{"line":23,"column":0}},"23":{"start":{"line":24,"column":0},"end":{"line":24,"column":3}},"24":{"start":{"line":25,"column":0},"end":{"line":25,"column":48}},"25":{"start":{"line":26,"column":0},"end":{"line":26,"column":2}},"26":{"start":{"line":27,"column":0},"end":{"line":27,"column":61}},"27":{"start":{"line":28,"column":0},"end":{"line":28,"column":55}},"28":{"start":{"line":29,"column":0},"end":{"line":29,"column":53}},"29":{"start":{"line":30,"column":0},"end":{"line":30,"column":3}},"30":{"start":{"line":31,"column":0},"end":{"line":31,"column":66}},"31":{"start":{"line":32,"column":0},"end":{"line":32,"column":7}},"32":{"start":{"line":33,"column":0},"end":{"line":33,"column":57}},"33":{"start":{"line":34,"column":0},"end":{"line":34,"column":58}},"34":{"start":{"line":35,"column":0},"end":{"line":35,"column":41}},"35":{"start":{"line":36,"column":0},"end":{"line":36,"column":0}},"36":{"start":{"line":37,"column":0},"end":{"line":37,"column":25}},"37":{"start":{"line":38,"column":0},"end":{"line":38,"column":69}},"38":{"start":{"line":39,"column":0},"end":{"line":39,"column":5}},"39":{"start":{"line":40,"column":0},"end":{"line":40,"column":0}},"40":{"start":{"line":41,"column":0},"end":{"line":41,"column":16}},"41":{"start":{"line":42,"column":0},"end":{"line":42,"column":19}},"42":{"start":{"line":43,"column":0},"end":{"line":43,"column":33}},"43":{"start":{"line":44,"column":0},"end":{"line":44,"column":55}},"44":{"start":{"line":45,"column":0},"end":{"line":45,"column":60}},"45":{"start":{"line":46,"column":0},"end":{"line":46,"column":7}},"46":{"start":{"line":47,"column":0},"end":{"line":47,"column":18}},"47":{"start":{"line":48,"column":0},"end":{"line":48,"column":5}},"48":{"start":{"line":49,"column":0},"end":{"line":49,"column":56}},"49":{"start":{"line":50,"column":0},"end":{"line":50,"column":3}},"50":{"start":{"line":51,"column":0},"end":{"line":51,"column":1}},"51":{"start":{"line":52,"column":0},"end":{"line":52,"column":0}},"52":{"start":{"line":53,"column":0},"end":{"line":53,"column":3}},"53":{"start":{"line":54,"column":0},"end":{"line":54,"column":51}},"54":{"start":{"line":55,"column":0},"end":{"line":55,"column":2}},"55":{"start":{"line":56,"column":0},"end":{"line":56,"column":61}},"56":{"start":{"line":57,"column":0},"end":{"line":57,"column":58}},"57":{"start":{"line":58,"column":0},"end":{"line":58,"column":53}},"58":{"start":{"line":59,"column":0},"end":{"line":59,"column":3}},"59":{"start":{"line":60,"column":0},"end":{"line":60,"column":75}},"60":{"start":{"line":61,"column":0},"end":{"line":61,"column":7}},"61":{"start":{"line":62,"column":0},"end":{"line":62,"column":63}},"62":{"start":{"line":63,"column":0},"end":{"line":63,"column":58}},"63":{"start":{"line":64,"column":0},"end":{"line":64,"column":41}},"64":{"start":{"line":65,"column":0},"end":{"line":65,"column":0}},"65":{"start":{"line":66,"column":0},"end":{"line":66,"column":28}},"66":{"start":{"line":67,"column":0},"end":{"line":67,"column":72}},"67":{"start":{"line":68,"column":0},"end":{"line":68,"column":5}},"68":{"start":{"line":69,"column":0},"end":{"line":69,"column":0}},"69":{"start":{"line":70,"column":0},"end":{"line":70,"column":16}},"70":{"start":{"line":71,"column":0},"end":{"line":71,"column":19}},"71":{"start":{"line":72,"column":0},"end":{"line":72,"column":33}},"72":{"start":{"line":73,"column":0},"end":{"line":73,"column":55}},"73":{"start":{"line":74,"column":0},"end":{"line":74,"column":66}},"74":{"start":{"line":75,"column":0},"end":{"line":75,"column":7}},"75":{"start":{"line":76,"column":0},"end":{"line":76,"column":18}},"76":{"start":{"line":77,"column":0},"end":{"line":77,"column":5}},"77":{"start":{"line":78,"column":0},"end":{"line":78,"column":62}},"78":{"start":{"line":79,"column":0},"end":{"line":79,"column":3}},"79":{"start":{"line":80,"column":0},"end":{"line":80,"column":1}},"80":{"start":{"line":81,"column":0},"end":{"line":81,"column":0}},"81":{"start":{"line":82,"column":0},"end":{"line":82,"column":3}},"82":{"start":{"line":83,"column":0},"end":{"line":83,"column":61}},"83":{"start":{"line":84,"column":0},"end":{"line":84,"column":2}},"84":{"start":{"line":85,"column":0},"end":{"line":85,"column":68}},"85":{"start":{"line":86,"column":0},"end":{"line":86,"column":67}},"86":{"start":{"line":87,"column":0},"end":{"line":87,"column":3}},"87":{"start":{"line":88,"column":0},"end":{"line":88,"column":63}},"88":{"start":{"line":89,"column":0},"end":{"line":89,"column":7}},"89":{"start":{"line":90,"column":0},"end":{"line":90,"column":47}},"90":{"start":{"line":91,"column":0},"end":{"line":91,"column":67}},"91":{"start":{"line":92,"column":0},"end":{"line":92,"column":0}},"92":{"start":{"line":93,"column":0},"end":{"line":93,"column":33}},"93":{"start":{"line":94,"column":0},"end":{"line":94,"column":16}},"94":{"start":{"line":95,"column":0},"end":{"line":95,"column":5}},"95":{"start":{"line":96,"column":0},"end":{"line":96,"column":0}},"96":{"start":{"line":97,"column":0},"end":{"line":97,"column":37}},"97":{"start":{"line":98,"column":0},"end":{"line":98,"column":52}},"98":{"start":{"line":99,"column":0},"end":{"line":99,"column":51}},"99":{"start":{"line":100,"column":0},"end":{"line":100,"column":38}},"100":{"start":{"line":101,"column":0},"end":{"line":101,"column":7}},"101":{"start":{"line":102,"column":0},"end":{"line":102,"column":0}},"102":{"start":{"line":103,"column":0},"end":{"line":103,"column":58}},"103":{"start":{"line":104,"column":0},"end":{"line":104,"column":0}},"104":{"start":{"line":105,"column":0},"end":{"line":105,"column":21}},"105":{"start":{"line":106,"column":0},"end":{"line":106,"column":19}},"106":{"start":{"line":107,"column":0},"end":{"line":107,"column":33}},"107":{"start":{"line":108,"column":0},"end":{"line":108,"column":18}},"108":{"start":{"line":109,"column":0},"end":{"line":109,"column":5}},"109":{"start":{"line":110,"column":0},"end":{"line":110,"column":48}},"110":{"start":{"line":111,"column":0},"end":{"line":111,"column":3}},"111":{"start":{"line":112,"column":0},"end":{"line":112,"column":1}},"112":{"start":{"line":113,"column":0},"end":{"line":113,"column":0}},"113":{"start":{"line":114,"column":0},"end":{"line":114,"column":3}},"114":{"start":{"line":115,"column":0},"end":{"line":115,"column":44}},"115":{"start":{"line":116,"column":0},"end":{"line":116,"column":2}},"116":{"start":{"line":117,"column":0},"end":{"line":117,"column":61}},"117":{"start":{"line":118,"column":0},"end":{"line":118,"column":3}},"118":{"start":{"line":119,"column":0},"end":{"line":119,"column":59}},"119":{"start":{"line":120,"column":0},"end":{"line":120,"column":7}},"120":{"start":{"line":121,"column":0},"end":{"line":121,"column":47}},"121":{"start":{"line":122,"column":0},"end":{"line":122,"column":16}},"122":{"start":{"line":123,"column":0},"end":{"line":123,"column":45}},"123":{"start":{"line":124,"column":0},"end":{"line":124,"column":46}},"124":{"start":{"line":125,"column":0},"end":{"line":125,"column":19}},"125":{"start":{"line":126,"column":0},"end":{"line":126,"column":57}},"126":{"start":{"line":127,"column":0},"end":{"line":127,"column":3}},"127":{"start":{"line":128,"column":0},"end":{"line":128,"column":1}},"128":{"start":{"line":129,"column":0},"end":{"line":129,"column":0}},"129":{"start":{"line":130,"column":0},"end":{"line":130,"column":3}},"130":{"start":{"line":131,"column":0},"end":{"line":131,"column":31}},"131":{"start":{"line":132,"column":0},"end":{"line":132,"column":2}},"132":{"start":{"line":133,"column":0},"end":{"line":133,"column":55}},"133":{"start":{"line":134,"column":0},"end":{"line":134,"column":61}},"134":{"start":{"line":135,"column":0},"end":{"line":135,"column":3}},"135":{"start":{"line":136,"column":0},"end":{"line":136,"column":76}},"136":{"start":{"line":137,"column":0},"end":{"line":137,"column":7}},"137":{"start":{"line":138,"column":0},"end":{"line":138,"column":35}},"138":{"start":{"line":139,"column":0},"end":{"line":139,"column":16}},"139":{"start":{"line":140,"column":0},"end":{"line":140,"column":11}},"140":{"start":{"line":141,"column":0},"end":{"line":141,"column":17}},"141":{"start":{"line":142,"column":0},"end":{"line":142,"column":3}},"142":{"start":{"line":143,"column":0},"end":{"line":143,"column":1}},"143":{"start":{"line":144,"column":0},"end":{"line":144,"column":0}},"144":{"start":{"line":145,"column":0},"end":{"line":145,"column":3}},"145":{"start":{"line":146,"column":0},"end":{"line":146,"column":74}},"146":{"start":{"line":147,"column":0},"end":{"line":147,"column":2}},"147":{"start":{"line":148,"column":0},"end":{"line":148,"column":61}},"148":{"start":{"line":149,"column":0},"end":{"line":149,"column":88}},"149":{"start":{"line":150,"column":0},"end":{"line":150,"column":51}},"150":{"start":{"line":151,"column":0},"end":{"line":151,"column":3}},"151":{"start":{"line":152,"column":0},"end":{"line":152,"column":90}},"152":{"start":{"line":153,"column":0},"end":{"line":153,"column":7}},"153":{"start":{"line":154,"column":0},"end":{"line":154,"column":64}},"154":{"start":{"line":155,"column":0},"end":{"line":155,"column":58}},"155":{"start":{"line":156,"column":0},"end":{"line":156,"column":41}},"156":{"start":{"line":157,"column":0},"end":{"line":157,"column":0}},"157":{"start":{"line":158,"column":0},"end":{"line":158,"column":36}},"158":{"start":{"line":159,"column":0},"end":{"line":159,"column":76}},"159":{"start":{"line":160,"column":0},"end":{"line":160,"column":5}},"160":{"start":{"line":161,"column":0},"end":{"line":161,"column":0}},"161":{"start":{"line":162,"column":0},"end":{"line":162,"column":16}},"162":{"start":{"line":163,"column":0},"end":{"line":163,"column":19}},"163":{"start":{"line":164,"column":0},"end":{"line":164,"column":33}},"164":{"start":{"line":165,"column":0},"end":{"line":165,"column":69}},"165":{"start":{"line":166,"column":0},"end":{"line":166,"column":55}},"166":{"start":{"line":167,"column":0},"end":{"line":167,"column":20}},"167":{"start":{"line":168,"column":0},"end":{"line":168,"column":7}},"168":{"start":{"line":169,"column":0},"end":{"line":169,"column":52}},"169":{"start":{"line":170,"column":0},"end":{"line":170,"column":18}},"170":{"start":{"line":171,"column":0},"end":{"line":171,"column":5}},"171":{"start":{"line":172,"column":0},"end":{"line":172,"column":63}},"172":{"start":{"line":173,"column":0},"end":{"line":173,"column":3}},"173":{"start":{"line":174,"column":0},"end":{"line":174,"column":1}},"174":{"start":{"line":175,"column":0},"end":{"line":175,"column":0}},"175":{"start":{"line":176,"column":0},"end":{"line":176,"column":3}},"176":{"start":{"line":177,"column":0},"end":{"line":177,"column":58}},"177":{"start":{"line":178,"column":0},"end":{"line":178,"column":2}},"178":{"start":{"line":179,"column":0},"end":{"line":179,"column":49}},"179":{"start":{"line":180,"column":0},"end":{"line":180,"column":61}},"180":{"start":{"line":181,"column":0},"end":{"line":181,"column":3}},"181":{"start":{"line":182,"column":0},"end":{"line":182,"column":76}},"182":{"start":{"line":183,"column":0},"end":{"line":183,"column":7}},"183":{"start":{"line":184,"column":0},"end":{"line":184,"column":50}},"184":{"start":{"line":185,"column":0},"end":{"line":185,"column":27}},"185":{"start":{"line":186,"column":0},"end":{"line":186,"column":11}},"186":{"start":{"line":187,"column":0},"end":{"line":187,"column":17}},"187":{"start":{"line":188,"column":0},"end":{"line":188,"column":3}},"188":{"start":{"line":189,"column":0},"end":{"line":189,"column":1}}},"s":{"0":1,"1":1,"2":1,"3":1,"4":1,"5":1,"6":1,"7":1,"8":1,"9":1,"10":1,"11":1,"12":1,"13":1,"14":1,"15":1,"16":1,"17":1,"18":1,"19":1,"20":1,"21":1,"22":1,"23":1,"24":1,"25":1,"26":1,"27":1,"28":1,"29":1,"30":531,"31":531,"32":531,"33":531,"34":530,"35":530,"36":531,"37":0,"38":0,"39":530,"40":530,"41":531,"42":1,"43":1,"44":1,"45":1,"46":0,"47":0,"48":0,"49":0,"50":531,"51":1,"52":1,"53":1,"54":1,"55":1,"56":1,"57":1,"58":1,"59":680,"60":680,"61":680,"62":680,"63":677,"64":677,"65":680,"66":0,"67":0,"68":677,"69":677,"70":680,"71":3,"72":3,"73":3,"74":3,"75":0,"76":0,"77":0,"78":0,"79":680,"80":1,"81":1,"82":1,"83":1,"84":1,"85":1,"86":1,"87":27,"88":27,"89":27,"90":27,"91":27,"92":27,"93":0,"94":0,"95":27,"96":27,"97":27,"98":648,"99":648,"100":27,"101":27,"102":27,"103":27,"104":27,"105":27,"106":0,"107":0,"108":0,"109":0,"110":0,"111":27,"112":1,"113":1,"114":1,"115":1,"116":1,"117":1,"118":0,"119":0,"120":0,"121":0,"122":0,"123":0,"124":0,"125":0,"126":0,"127":0,"128":1,"129":1,"130":1,"131":1,"132":1,"133":1,"134":1,"135":0,"136":0,"137":0,"138":0,"139":0,"140":0,"141":0,"142":0,"143":1,"144":1,"145":1,"146":1,"147":1,"148":1,"149":1,"150":1,"151":533,"152":533,"153":533,"154":533,"155":531,"156":531,"157":533,"158":0,"159":0,"160":531,"161":531,"162":533,"163":2,"164":2,"165":2,"166":2,"167":2,"168":0,"169":0,"170":0,"171":0,"172":0,"173":533,"174":1,"175":1,"176":1,"177":1,"178":1,"179":1,"180":1,"181":3,"182":3,"183":3,"184":3,"185":3,"186":0,"187":0,"188":3},"branchMap":{"0":{"type":"branch","line":31,"loc":{"start":{"line":31,"column":0},"end":{"line":51,"column":1}},"locations":[{"start":{"line":31,"column":0},"end":{"line":51,"column":1}}]},"1":{"type":"branch","line":34,"loc":{"start":{"line":34,"column":56},"end":{"line":37,"column":24}},"locations":[{"start":{"line":34,"column":56},"end":{"line":37,"column":24}}]},"2":{"type":"branch","line":37,"loc":{"start":{"line":37,"column":24},"end":{"line":39,"column":5}},"locations":[{"start":{"line":37,"column":24},"end":{"line":39,"column":5}}]},"3":{"type":"branch","line":39,"loc":{"start":{"line":39,"column":4},"end":{"line":42,"column":11}},"locations":[{"start":{"line":39,"column":4},"end":{"line":42,"column":11}}]},"4":{"type":"branch","line":42,"loc":{"start":{"line":42,"column":2},"end":{"line":50,"column":3}},"locations":[{"start":{"line":42,"column":2},"end":{"line":50,"column":3}}]},"5":{"type":"branch","line":46,"loc":{"start":{"line":46,"column":6},"end":{"line":50,"column":3}},"locations":[{"start":{"line":46,"column":6},"end":{"line":50,"column":3}}]},"6":{"type":"branch","line":60,"loc":{"start":{"line":60,"column":0},"end":{"line":80,"column":1}},"locations":[{"start":{"line":60,"column":0},"end":{"line":80,"column":1}}]},"7":{"type":"branch","line":63,"loc":{"start":{"line":63,"column":56},"end":{"line":66,"column":27}},"locations":[{"start":{"line":63,"column":56},"end":{"line":66,"column":27}}]},"8":{"type":"branch","line":66,"loc":{"start":{"line":66,"column":27},"end":{"line":68,"column":5}},"locations":[{"start":{"line":66,"column":27},"end":{"line":68,"column":5}}]},"9":{"type":"branch","line":68,"loc":{"start":{"line":68,"column":4},"end":{"line":71,"column":11}},"locations":[{"start":{"line":68,"column":4},"end":{"line":71,"column":11}}]},"10":{"type":"branch","line":71,"loc":{"start":{"line":71,"column":2},"end":{"line":79,"column":3}},"locations":[{"start":{"line":71,"column":2},"end":{"line":79,"column":3}}]},"11":{"type":"branch","line":75,"loc":{"start":{"line":75,"column":6},"end":{"line":79,"column":3}},"locations":[{"start":{"line":75,"column":6},"end":{"line":79,"column":3}}]},"12":{"type":"branch","line":88,"loc":{"start":{"line":88,"column":0},"end":{"line":112,"column":1}},"locations":[{"start":{"line":88,"column":0},"end":{"line":112,"column":1}}]},"13":{"type":"branch","line":93,"loc":{"start":{"line":93,"column":32},"end":{"line":95,"column":5}},"locations":[{"start":{"line":93,"column":32},"end":{"line":95,"column":5}}]},"14":{"type":"branch","line":106,"loc":{"start":{"line":106,"column":2},"end":{"line":111,"column":3}},"locations":[{"start":{"line":106,"column":2},"end":{"line":111,"column":3}}]},"15":{"type":"branch","line":91,"loc":{"start":{"line":91,"column":35},"end":{"line":91,"column":65}},"locations":[{"start":{"line":91,"column":35},"end":{"line":91,"column":65}}]},"16":{"type":"branch","line":98,"loc":{"start":{"line":98,"column":43},"end":{"line":101,"column":5}},"locations":[{"start":{"line":98,"column":43},"end":{"line":101,"column":5}}]},"17":{"type":"branch","line":152,"loc":{"start":{"line":152,"column":0},"end":{"line":174,"column":1}},"locations":[{"start":{"line":152,"column":0},"end":{"line":174,"column":1}}]},"18":{"type":"branch","line":155,"loc":{"start":{"line":155,"column":56},"end":{"line":158,"column":35}},"locations":[{"start":{"line":155,"column":56},"end":{"line":158,"column":35}}]},"19":{"type":"branch","line":158,"loc":{"start":{"line":158,"column":35},"end":{"line":160,"column":5}},"locations":[{"start":{"line":158,"column":35},"end":{"line":160,"column":5}}]},"20":{"type":"branch","line":160,"loc":{"start":{"line":160,"column":4},"end":{"line":163,"column":11}},"locations":[{"start":{"line":160,"column":4},"end":{"line":163,"column":11}}]},"21":{"type":"branch","line":163,"loc":{"start":{"line":163,"column":2},"end":{"line":173,"column":3}},"locations":[{"start":{"line":163,"column":2},"end":{"line":173,"column":3}}]},"22":{"type":"branch","line":168,"loc":{"start":{"line":168,"column":6},"end":{"line":173,"column":3}},"locations":[{"start":{"line":168,"column":6},"end":{"line":173,"column":3}}]},"23":{"type":"branch","line":182,"loc":{"start":{"line":182,"column":0},"end":{"line":189,"column":1}},"locations":[{"start":{"line":182,"column":0},"end":{"line":189,"column":1}}]},"24":{"type":"branch","line":186,"loc":{"start":{"line":186,"column":2},"end":{"line":188,"column":3}},"locations":[{"start":{"line":186,"column":2},"end":{"line":188,"column":3}}]}},"b":{"0":[531],"1":[530],"2":[0],"3":[530],"4":[1],"5":[0],"6":[680],"7":[677],"8":[0],"9":[677],"10":[3],"11":[0],"12":[27],"13":[0],"14":[0],"15":[648],"16":[648],"17":[533],"18":[531],"19":[0],"20":[531],"21":[2],"22":[0],"23":[3],"24":[0]},"fnMap":{"0":{"name":"loadEvent","decl":{"start":{"line":31,"column":0},"end":{"line":51,"column":1}},"loc":{"start":{"line":31,"column":0},"end":{"line":51,"column":1}},"line":31},"1":{"name":"loadAttendee","decl":{"start":{"line":60,"column":0},"end":{"line":80,"column":1}},"loc":{"start":{"line":60,"column":0},"end":{"line":80,"column":1}},"line":60},"2":{"name":"loadAllAttendees","decl":{"start":{"line":88,"column":0},"end":{"line":112,"column":1}},"loc":{"start":{"line":88,"column":0},"end":{"line":112,"column":1}},"line":88},"3":{"name":"getAttendeeIds","decl":{"start":{"line":119,"column":0},"end":{"line":128,"column":1}},"loc":{"start":{"line":119,"column":0},"end":{"line":128,"column":1}},"line":119},"4":{"name":"attendeeExists","decl":{"start":{"line":136,"column":0},"end":{"line":143,"column":1}},"loc":{"start":{"line":136,"column":0},"end":{"line":143,"column":1}},"line":136},"5":{"name":"loadStyleConfig","decl":{"start":{"line":152,"column":0},"end":{"line":174,"column":1}},"loc":{"start":{"line":152,"column":0},"end":{"line":174,"column":1}},"line":152},"6":{"name":"styleConfigExists","decl":{"start":{"line":182,"column":0},"end":{"line":189,"column":1}},"loc":{"start":{"line":182,"column":0},"end":{"line":189,"column":1}},"line":182}},"f":{"0":531,"1":680,"2":27,"3":0,"4":0,"5":533,"6":3}}
,"/Users/carlos.cubas/Projects/personal-event-summary/src/generate.ts": {"path":"/Users/carlos.cubas/Projects/personal-event-summary/src/generate.ts","all":false,"statementMap":{"0":{"start":{"line":1,"column":0},"end":{"line":1,"column":3}},"1":{"start":{"line":2,"column":0},"end":{"line":2,"column":25}},"2":{"start":{"line":3,"column":0},"end":{"line":3,"column":2}},"3":{"start":{"line":4,"column":0},"end":{"line":4,"column":84}},"4":{"start":{"line":5,"column":0},"end":{"line":5,"column":54}},"5":{"start":{"line":6,"column":0},"end":{"line":6,"column":3}},"6":{"start":{"line":7,"column":0},"end":{"line":7,"column":0}},"7":{"start":{"line":8,"column":0},"end":{"line":8,"column":61}},"8":{"start":{"line":9,"column":0},"end":{"line":9,"column":37}},"9":{"start":{"line":10,"column":0},"end":{"line":10,"column":36}},"10":{"start":{"line":11,"column":0},"end":{"line":11,"column":36}},"11":{"start":{"line":12,"column":0},"end":{"line":12,"column":93}},"12":{"start":{"line":13,"column":0},"end":{"line":13,"column":53}},"13":{"start":{"line":14,"column":0},"end":{"line":14,"column":56}},"14":{"start":{"line":15,"column":0},"end":{"line":15,"column":0}},"15":{"start":{"line":16,"column":0},"end":{"line":16,"column":36}},"16":{"start":{"line":17,"column":0},"end":{"line":17,"column":50}},"17":{"start":{"line":18,"column":0},"end":{"line":18,"column":38}},"18":{"start":{"line":19,"column":0},"end":{"line":19,"column":0}},"19":{"start":{"line":20,"column":0},"end":{"line":20,"column":8}},"20":{"start":{"line":21,"column":0},"end":{"line":21,"column":57}},"21":{"start":{"line":22,"column":0},"end":{"line":22,"column":51}},"22":{"start":{"line":23,"column":0},"end":{"line":23,"column":55}},"23":{"start":{"line":24,"column":0},"end":{"line":24,"column":0}},"24":{"start":{"line":25,"column":0},"end":{"line":25,"column":3}},"25":{"start":{"line":26,"column":0},"end":{"line":26,"column":59}},"26":{"start":{"line":27,"column":0},"end":{"line":27,"column":2}},"27":{"start":{"line":28,"column":0},"end":{"line":28,"column":42}},"28":{"start":{"line":29,"column":0},"end":{"line":29,"column":3}},"29":{"start":{"line":30,"column":0},"end":{"line":30,"column":69}},"30":{"start":{"line":31,"column":0},"end":{"line":31,"column":34}},"31":{"start":{"line":32,"column":0},"end":{"line":32,"column":0}},"32":{"start":{"line":33,"column":0},"end":{"line":33,"column":21}},"33":{"start":{"line":34,"column":0},"end":{"line":34,"column":60}},"34":{"start":{"line":35,"column":0},"end":{"line":35,"column":31}},"35":{"start":{"line":36,"column":0},"end":{"line":36,"column":38}},"36":{"start":{"line":37,"column":0},"end":{"line":37,"column":45}},"37":{"start":{"line":38,"column":0},"end":{"line":38,"column":22}},"38":{"start":{"line":39,"column":0},"end":{"line":39,"column":21}},"39":{"start":{"line":40,"column":0},"end":{"line":40,"column":20}},"40":{"start":{"line":41,"column":0},"end":{"line":41,"column":7}},"41":{"start":{"line":42,"column":0},"end":{"line":42,"column":5}},"42":{"start":{"line":43,"column":0},"end":{"line":43,"column":0}},"43":{"start":{"line":44,"column":0},"end":{"line":44,"column":80}},"44":{"start":{"line":45,"column":0},"end":{"line":45,"column":24}},"45":{"start":{"line":46,"column":0},"end":{"line":46,"column":37}},"46":{"start":{"line":47,"column":0},"end":{"line":47,"column":5}},"47":{"start":{"line":48,"column":0},"end":{"line":48,"column":0}},"48":{"start":{"line":49,"column":0},"end":{"line":49,"column":43}},"49":{"start":{"line":50,"column":0},"end":{"line":50,"column":36}},"50":{"start":{"line":51,"column":0},"end":{"line":51,"column":5}},"51":{"start":{"line":52,"column":0},"end":{"line":52,"column":0}},"52":{"start":{"line":53,"column":0},"end":{"line":53,"column":22}},"53":{"start":{"line":54,"column":0},"end":{"line":54,"column":68}},"54":{"start":{"line":55,"column":0},"end":{"line":55,"column":61}},"55":{"start":{"line":56,"column":0},"end":{"line":56,"column":41}},"56":{"start":{"line":57,"column":0},"end":{"line":57,"column":0}},"57":{"start":{"line":58,"column":0},"end":{"line":58,"column":78}},"58":{"start":{"line":59,"column":0},"end":{"line":59,"column":71}},"59":{"start":{"line":60,"column":0},"end":{"line":60,"column":51}},"60":{"start":{"line":61,"column":0},"end":{"line":61,"column":0}},"61":{"start":{"line":62,"column":0},"end":{"line":62,"column":74}},"62":{"start":{"line":63,"column":0},"end":{"line":63,"column":67}},"63":{"start":{"line":64,"column":0},"end":{"line":64,"column":47}},"64":{"start":{"line":65,"column":0},"end":{"line":65,"column":0}},"65":{"start":{"line":66,"column":0},"end":{"line":66,"column":13}},"66":{"start":{"line":67,"column":0},"end":{"line":67,"column":1}},"67":{"start":{"line":68,"column":0},"end":{"line":68,"column":0}},"68":{"start":{"line":69,"column":0},"end":{"line":69,"column":3}},"69":{"start":{"line":70,"column":0},"end":{"line":70,"column":55}},"70":{"start":{"line":71,"column":0},"end":{"line":71,"column":2}},"71":{"start":{"line":72,"column":0},"end":{"line":72,"column":33}},"72":{"start":{"line":73,"column":0},"end":{"line":73,"column":42}},"73":{"start":{"line":74,"column":0},"end":{"line":74,"column":3}},"74":{"start":{"line":75,"column":0},"end":{"line":75,"column":57}},"75":{"start":{"line":76,"column":0},"end":{"line":76,"column":68}},"76":{"start":{"line":77,"column":0},"end":{"line":77,"column":72}},"77":{"start":{"line":78,"column":0},"end":{"line":78,"column":0}},"78":{"start":{"line":79,"column":0},"end":{"line":79,"column":61}},"79":{"start":{"line":80,"column":0},"end":{"line":80,"column":65}},"80":{"start":{"line":81,"column":0},"end":{"line":81,"column":0}},"81":{"start":{"line":82,"column":0},"end":{"line":82,"column":34}},"82":{"start":{"line":83,"column":0},"end":{"line":83,"column":53}},"83":{"start":{"line":84,"column":0},"end":{"line":84,"column":0}},"84":{"start":{"line":85,"column":0},"end":{"line":85,"column":60}},"85":{"start":{"line":86,"column":0},"end":{"line":86,"column":62}},"86":{"start":{"line":87,"column":0},"end":{"line":87,"column":48}},"87":{"start":{"line":88,"column":0},"end":{"line":88,"column":56}},"88":{"start":{"line":89,"column":0},"end":{"line":89,"column":72}},"89":{"start":{"line":90,"column":0},"end":{"line":90,"column":0}},"90":{"start":{"line":91,"column":0},"end":{"line":91,"column":45}},"91":{"start":{"line":92,"column":0},"end":{"line":92,"column":62}},"92":{"start":{"line":93,"column":0},"end":{"line":93,"column":0}},"93":{"start":{"line":94,"column":0},"end":{"line":94,"column":44}},"94":{"start":{"line":95,"column":0},"end":{"line":95,"column":53}},"95":{"start":{"line":96,"column":0},"end":{"line":96,"column":29}},"96":{"start":{"line":97,"column":0},"end":{"line":97,"column":24}},"97":{"start":{"line":98,"column":0},"end":{"line":98,"column":15}},"98":{"start":{"line":99,"column":0},"end":{"line":99,"column":12}},"99":{"start":{"line":100,"column":0},"end":{"line":100,"column":15}},"100":{"start":{"line":101,"column":0},"end":{"line":101,"column":78}},"101":{"start":{"line":102,"column":0},"end":{"line":102,"column":90}},"102":{"start":{"line":103,"column":0},"end":{"line":103,"column":7}},"103":{"start":{"line":104,"column":0},"end":{"line":104,"column":4}},"104":{"start":{"line":105,"column":0},"end":{"line":105,"column":0}},"105":{"start":{"line":106,"column":0},"end":{"line":106,"column":20}},"106":{"start":{"line":107,"column":0},"end":{"line":107,"column":1}},"107":{"start":{"line":108,"column":0},"end":{"line":108,"column":0}},"108":{"start":{"line":109,"column":0},"end":{"line":109,"column":3}},"109":{"start":{"line":110,"column":0},"end":{"line":110,"column":47}},"110":{"start":{"line":111,"column":0},"end":{"line":111,"column":2}},"111":{"start":{"line":112,"column":0},"end":{"line":112,"column":40}},"112":{"start":{"line":113,"column":0},"end":{"line":113,"column":51}},"113":{"start":{"line":114,"column":0},"end":{"line":114,"column":34}},"114":{"start":{"line":115,"column":0},"end":{"line":115,"column":3}},"115":{"start":{"line":116,"column":0},"end":{"line":116,"column":43}},"116":{"start":{"line":117,"column":0},"end":{"line":117,"column":21}},"117":{"start":{"line":118,"column":0},"end":{"line":118,"column":36}},"118":{"start":{"line":119,"column":0},"end":{"line":119,"column":20}},"119":{"start":{"line":120,"column":0},"end":{"line":120,"column":7}},"120":{"start":{"line":121,"column":0},"end":{"line":121,"column":16}},"121":{"start":{"line":122,"column":0},"end":{"line":122,"column":52}},"122":{"start":{"line":123,"column":0},"end":{"line":123,"column":52}},"123":{"start":{"line":124,"column":0},"end":{"line":124,"column":0}},"124":{"start":{"line":125,"column":0},"end":{"line":125,"column":23}},"125":{"start":{"line":126,"column":0},"end":{"line":126,"column":40}},"126":{"start":{"line":127,"column":0},"end":{"line":127,"column":51}},"127":{"start":{"line":128,"column":0},"end":{"line":128,"column":0}},"128":{"start":{"line":129,"column":0},"end":{"line":129,"column":58}},"129":{"start":{"line":130,"column":0},"end":{"line":130,"column":47}},"130":{"start":{"line":131,"column":0},"end":{"line":131,"column":0}},"131":{"start":{"line":132,"column":0},"end":{"line":132,"column":30}},"132":{"start":{"line":133,"column":0},"end":{"line":133,"column":61}},"133":{"start":{"line":134,"column":0},"end":{"line":134,"column":48}},"134":{"start":{"line":135,"column":0},"end":{"line":135,"column":0}},"135":{"start":{"line":136,"column":0},"end":{"line":136,"column":17}},"136":{"start":{"line":137,"column":0},"end":{"line":137,"column":53}},"137":{"start":{"line":138,"column":0},"end":{"line":138,"column":47}},"138":{"start":{"line":139,"column":0},"end":{"line":139,"column":0}},"139":{"start":{"line":140,"column":0},"end":{"line":140,"column":22}},"140":{"start":{"line":141,"column":0},"end":{"line":141,"column":19}},"141":{"start":{"line":142,"column":0},"end":{"line":142,"column":33}},"142":{"start":{"line":143,"column":0},"end":{"line":143,"column":94}},"143":{"start":{"line":144,"column":0},"end":{"line":144,"column":5}},"144":{"start":{"line":145,"column":0},"end":{"line":145,"column":74}},"145":{"start":{"line":146,"column":0},"end":{"line":146,"column":3}},"146":{"start":{"line":147,"column":0},"end":{"line":147,"column":1}},"147":{"start":{"line":148,"column":0},"end":{"line":148,"column":0}},"148":{"start":{"line":149,"column":0},"end":{"line":149,"column":3}},"149":{"start":{"line":150,"column":0},"end":{"line":150,"column":41}},"150":{"start":{"line":151,"column":0},"end":{"line":151,"column":2}},"151":{"start":{"line":152,"column":0},"end":{"line":152,"column":51}},"152":{"start":{"line":153,"column":0},"end":{"line":153,"column":45}},"153":{"start":{"line":154,"column":0},"end":{"line":154,"column":3}},"154":{"start":{"line":155,"column":0},"end":{"line":155,"column":47}},"155":{"start":{"line":156,"column":0},"end":{"line":156,"column":36}},"156":{"start":{"line":157,"column":0},"end":{"line":157,"column":22}},"157":{"start":{"line":158,"column":0},"end":{"line":158,"column":7}},"158":{"start":{"line":159,"column":0},"end":{"line":159,"column":25}},"159":{"start":{"line":160,"column":0},"end":{"line":160,"column":47}},"160":{"start":{"line":161,"column":0},"end":{"line":161,"column":0}},"161":{"start":{"line":162,"column":0},"end":{"line":162,"column":33}},"162":{"start":{"line":163,"column":0},"end":{"line":163,"column":63}},"163":{"start":{"line":164,"column":0},"end":{"line":164,"column":16}},"164":{"start":{"line":165,"column":0},"end":{"line":165,"column":5}},"165":{"start":{"line":166,"column":0},"end":{"line":166,"column":0}},"166":{"start":{"line":167,"column":0},"end":{"line":167,"column":73}},"167":{"start":{"line":168,"column":0},"end":{"line":168,"column":0}},"168":{"start":{"line":169,"column":0},"end":{"line":169,"column":63}},"169":{"start":{"line":170,"column":0},"end":{"line":170,"column":40}},"170":{"start":{"line":171,"column":0},"end":{"line":171,"column":0}},"171":{"start":{"line":172,"column":0},"end":{"line":172,"column":29}},"172":{"start":{"line":173,"column":0},"end":{"line":173,"column":51}},"173":{"start":{"line":174,"column":0},"end":{"line":174,"column":0}},"174":{"start":{"line":175,"column":0},"end":{"line":175,"column":37}},"175":{"start":{"line":176,"column":0},"end":{"line":176,"column":66}},"176":{"start":{"line":177,"column":0},"end":{"line":177,"column":11}},"177":{"start":{"line":178,"column":0},"end":{"line":178,"column":77}},"178":{"start":{"line":179,"column":0},"end":{"line":179,"column":56}},"179":{"start":{"line":180,"column":0},"end":{"line":180,"column":0}},"180":{"start":{"line":181,"column":0},"end":{"line":181,"column":62}},"181":{"start":{"line":182,"column":0},"end":{"line":182,"column":51}},"182":{"start":{"line":183,"column":0},"end":{"line":183,"column":0}},"183":{"start":{"line":184,"column":0},"end":{"line":184,"column":34}},"184":{"start":{"line":185,"column":0},"end":{"line":185,"column":66}},"185":{"start":{"line":186,"column":0},"end":{"line":186,"column":52}},"186":{"start":{"line":187,"column":0},"end":{"line":187,"column":0}},"187":{"start":{"line":188,"column":0},"end":{"line":188,"column":21}},"188":{"start":{"line":189,"column":0},"end":{"line":189,"column":57}},"189":{"start":{"line":190,"column":0},"end":{"line":190,"column":51}},"190":{"start":{"line":191,"column":0},"end":{"line":191,"column":0}},"191":{"start":{"line":192,"column":0},"end":{"line":192,"column":26}},"192":{"start":{"line":193,"column":0},"end":{"line":193,"column":23}},"193":{"start":{"line":194,"column":0},"end":{"line":194,"column":83}},"194":{"start":{"line":195,"column":0},"end":{"line":195,"column":20}},"195":{"start":{"line":196,"column":0},"end":{"line":196,"column":7}},"196":{"start":{"line":197,"column":0},"end":{"line":197,"column":7}},"197":{"start":{"line":198,"column":0},"end":{"line":198,"column":0}},"198":{"start":{"line":199,"column":0},"end":{"line":199,"column":58}},"199":{"start":{"line":200,"column":0},"end":{"line":200,"column":0}},"200":{"start":{"line":201,"column":0},"end":{"line":201,"column":64}},"201":{"start":{"line":202,"column":0},"end":{"line":202,"column":0}},"202":{"start":{"line":203,"column":0},"end":{"line":203,"column":19}},"203":{"start":{"line":204,"column":0},"end":{"line":204,"column":19}},"204":{"start":{"line":205,"column":0},"end":{"line":205,"column":33}},"205":{"start":{"line":206,"column":0},"end":{"line":206,"column":77}},"206":{"start":{"line":207,"column":0},"end":{"line":207,"column":5}},"207":{"start":{"line":208,"column":0},"end":{"line":208,"column":57}},"208":{"start":{"line":209,"column":0},"end":{"line":209,"column":3}},"209":{"start":{"line":210,"column":0},"end":{"line":210,"column":1}},"210":{"start":{"line":211,"column":0},"end":{"line":211,"column":0}},"211":{"start":{"line":212,"column":0},"end":{"line":212,"column":3}},"212":{"start":{"line":213,"column":0},"end":{"line":213,"column":55}},"213":{"start":{"line":214,"column":0},"end":{"line":214,"column":2}},"214":{"start":{"line":215,"column":0},"end":{"line":215,"column":51}},"215":{"start":{"line":216,"column":0},"end":{"line":216,"column":3}},"216":{"start":{"line":217,"column":0},"end":{"line":217,"column":39}},"217":{"start":{"line":218,"column":0},"end":{"line":218,"column":36}},"218":{"start":{"line":219,"column":0},"end":{"line":219,"column":18}},"219":{"start":{"line":220,"column":0},"end":{"line":220,"column":7}},"220":{"start":{"line":221,"column":0},"end":{"line":221,"column":50}},"221":{"start":{"line":222,"column":0},"end":{"line":222,"column":0}},"222":{"start":{"line":223,"column":0},"end":{"line":223,"column":30}},"223":{"start":{"line":224,"column":0},"end":{"line":224,"column":52}},"224":{"start":{"line":225,"column":0},"end":{"line":225,"column":0}},"225":{"start":{"line":226,"column":0},"end":{"line":226,"column":35}},"226":{"start":{"line":227,"column":0},"end":{"line":227,"column":74}},"227":{"start":{"line":228,"column":0},"end":{"line":228,"column":0}},"228":{"start":{"line":229,"column":0},"end":{"line":229,"column":42}},"229":{"start":{"line":230,"column":0},"end":{"line":230,"column":19}},"230":{"start":{"line":231,"column":0},"end":{"line":231,"column":33}},"231":{"start":{"line":232,"column":0},"end":{"line":232,"column":72}},"232":{"start":{"line":233,"column":0},"end":{"line":233,"column":5}},"233":{"start":{"line":234,"column":0},"end":{"line":234,"column":52}},"234":{"start":{"line":235,"column":0},"end":{"line":235,"column":3}},"235":{"start":{"line":236,"column":0},"end":{"line":236,"column":1}},"236":{"start":{"line":237,"column":0},"end":{"line":237,"column":0}},"237":{"start":{"line":238,"column":0},"end":{"line":238,"column":3}},"238":{"start":{"line":239,"column":0},"end":{"line":239,"column":67}},"239":{"start":{"line":240,"column":0},"end":{"line":240,"column":2}},"240":{"start":{"line":241,"column":0},"end":{"line":241,"column":51}},"241":{"start":{"line":242,"column":0},"end":{"line":242,"column":3}},"242":{"start":{"line":243,"column":0},"end":{"line":243,"column":86}},"243":{"start":{"line":244,"column":0},"end":{"line":244,"column":7}},"244":{"start":{"line":245,"column":0},"end":{"line":245,"column":49}},"245":{"start":{"line":246,"column":0},"end":{"line":246,"column":0}},"246":{"start":{"line":247,"column":0},"end":{"line":247,"column":34}},"247":{"start":{"line":248,"column":0},"end":{"line":248,"column":58}},"248":{"start":{"line":249,"column":0},"end":{"line":249,"column":0}},"249":{"start":{"line":250,"column":0},"end":{"line":250,"column":25}},"250":{"start":{"line":251,"column":0},"end":{"line":251,"column":36}},"251":{"start":{"line":252,"column":0},"end":{"line":252,"column":0}},"252":{"start":{"line":253,"column":0},"end":{"line":253,"column":44}},"253":{"start":{"line":254,"column":0},"end":{"line":254,"column":55}},"254":{"start":{"line":255,"column":0},"end":{"line":255,"column":51}},"255":{"start":{"line":256,"column":0},"end":{"line":256,"column":19}},"256":{"start":{"line":257,"column":0},"end":{"line":257,"column":51}},"257":{"start":{"line":258,"column":0},"end":{"line":258,"column":16}},"258":{"start":{"line":259,"column":0},"end":{"line":259,"column":3}},"259":{"start":{"line":260,"column":0},"end":{"line":260,"column":1}},"260":{"start":{"line":261,"column":0},"end":{"line":261,"column":0}},"261":{"start":{"line":262,"column":0},"end":{"line":262,"column":16}},"262":{"start":{"line":263,"column":0},"end":{"line":263,"column":54}},"263":{"start":{"line":264,"column":0},"end":{"line":264,"column":15}},"264":{"start":{"line":265,"column":0},"end":{"line":265,"column":17}},"265":{"start":{"line":266,"column":0},"end":{"line":266,"column":22}},"266":{"start":{"line":267,"column":0},"end":{"line":267,"column":6}},"267":{"start":{"line":268,"column":0},"end":{"line":268,"column":23}},"268":{"start":{"line":269,"column":0},"end":{"line":269,"column":27}},"269":{"start":{"line":270,"column":0},"end":{"line":270,"column":22}},"270":{"start":{"line":271,"column":0},"end":{"line":271,"column":7}},"271":{"start":{"line":272,"column":0},"end":{"line":272,"column":1}}},"s":{"0":1,"1":1,"2":1,"3":1,"4":1,"5":1,"6":1,"7":1,"8":1,"9":1,"10":1,"11":1,"12":1,"13":1,"14":1,"15":1,"16":1,"17":1,"18":1,"19":1,"20":1,"21":1,"22":1,"23":1,"24":1,"25":1,"26":1,"27":1,"28":1,"29":47,"30":47,"31":47,"32":47,"33":47,"34":1051,"35":1051,"36":1051,"37":1051,"38":1051,"39":1051,"40":1051,"41":47,"42":47,"43":47,"44":10416,"45":10416,"46":47,"47":47,"48":47,"49":526,"50":47,"51":47,"52":47,"53":47,"54":47,"55":47,"56":47,"57":47,"58":47,"59":47,"60":47,"61":47,"62":47,"63":47,"64":47,"65":47,"66":47,"67":1,"68":1,"69":1,"70":1,"71":1,"72":1,"73":1,"74":42,"75":42,"76":42,"77":42,"78":42,"79":42,"80":42,"81":42,"82":42,"83":42,"84":42,"85":42,"86":525,"87":525,"88":525,"89":525,"90":525,"91":525,"92":525,"93":525,"94":525,"95":525,"96":525,"97":525,"98":525,"99":525,"100":525,"101":525,"102":525,"103":525,"104":42,"105":42,"106":42,"107":1,"108":1,"109":1,"110":1,"111":1,"112":1,"113":1,"114":1,"115":22,"116":22,"117":22,"118":22,"119":22,"120":22,"121":22,"122":21,"123":21,"124":21,"125":21,"126":21,"127":21,"128":21,"129":21,"130":21,"131":21,"132":21,"133":21,"134":21,"135":21,"136":21,"137":21,"138":21,"139":21,"140":22,"141":1,"142":1,"143":1,"144":0,"145":0,"146":22,"147":1,"148":1,"149":1,"150":1,"151":1,"152":1,"153":1,"154":21,"155":21,"156":21,"157":21,"158":21,"159":21,"160":21,"161":21,"162":0,"163":0,"164":0,"165":21,"166":21,"167":21,"168":21,"169":21,"170":21,"171":21,"172":21,"173":21,"174":21,"175":21,"176":504,"177":504,"178":504,"179":504,"180":504,"181":504,"182":504,"183":504,"184":504,"185":504,"186":504,"187":504,"188":504,"189":504,"190":504,"191":504,"192":504,"193":0,"194":0,"195":0,"196":21,"197":21,"198":21,"199":21,"200":21,"201":21,"202":21,"203":21,"204":0,"205":0,"206":0,"207":0,"208":0,"209":21,"210":1,"211":1,"212":1,"213":1,"214":1,"215":1,"216":18,"217":18,"218":18,"219":18,"220":18,"221":18,"222":18,"223":18,"224":18,"225":18,"226":18,"227":18,"228":18,"229":18,"230":0,"231":0,"232":0,"233":0,"234":0,"235":18,"236":1,"237":1,"238":1,"239":1,"240":1,"241":1,"242":13,"243":13,"244":13,"245":13,"246":13,"247":13,"248":13,"249":13,"250":13,"251":13,"252":13,"253":13,"254":13,"255":13,"256":0,"257":0,"258":0,"259":13,"260":1,"261":1,"262":1,"263":0,"264":0,"265":0,"266":0,"267":0,"268":0,"269":0,"270":0,"271":0},"branchMap":{"0":{"type":"branch","line":263,"loc":{"start":{"line":263,"column":53},"end":{"line":272,"column":1}},"locations":[{"start":{"line":263,"column":53},"end":{"line":272,"column":1}}]},"1":{"type":"branch","line":30,"loc":{"start":{"line":30,"column":0},"end":{"line":67,"column":1}},"locations":[{"start":{"line":30,"column":0},"end":{"line":67,"column":1}}]},"2":{"type":"branch","line":34,"loc":{"start":{"line":34,"column":35},"end":{"line":42,"column":3}},"locations":[{"start":{"line":34,"column":35},"end":{"line":42,"column":3}}]},"3":{"type":"branch","line":35,"loc":{"start":{"line":35,"column":21},"end":{"line":35,"column":31}},"locations":[{"start":{"line":35,"column":21},"end":{"line":35,"column":31}}]},"4":{"type":"branch","line":44,"loc":{"start":{"line":44,"column":34},"end":{"line":47,"column":3}},"locations":[{"start":{"line":44,"column":34},"end":{"line":47,"column":3}}]},"5":{"type":"branch","line":45,"loc":{"start":{"line":45,"column":14},"end":{"line":45,"column":24}},"locations":[{"start":{"line":45,"column":14},"end":{"line":45,"column":24}}]},"6":{"type":"branch","line":49,"loc":{"start":{"line":49,"column":36},"end":{"line":51,"column":3}},"locations":[{"start":{"line":49,"column":36},"end":{"line":51,"column":3}}]},"7":{"type":"branch","line":75,"loc":{"start":{"line":75,"column":0},"end":{"line":107,"column":1}},"locations":[{"start":{"line":75,"column":0},"end":{"line":107,"column":1}}]},"8":{"type":"branch","line":86,"loc":{"start":{"line":86,"column":17},"end":{"line":104,"column":4}},"locations":[{"start":{"line":86,"column":17},"end":{"line":104,"column":4}}]},"9":{"type":"branch","line":89,"loc":{"start":{"line":89,"column":63},"end":{"line":89,"column":72}},"locations":[{"start":{"line":89,"column":63},"end":{"line":89,"column":72}}]},"10":{"type":"branch","line":116,"loc":{"start":{"line":116,"column":0},"end":{"line":147,"column":1}},"locations":[{"start":{"line":116,"column":0},"end":{"line":147,"column":1}}]},"11":{"type":"branch","line":122,"loc":{"start":{"line":122,"column":50},"end":{"line":141,"column":11}},"locations":[{"start":{"line":122,"column":50},"end":{"line":141,"column":11}}]},"12":{"type":"branch","line":141,"loc":{"start":{"line":141,"column":2},"end":{"line":146,"column":3}},"locations":[{"start":{"line":141,"column":2},"end":{"line":146,"column":3}}]},"13":{"type":"branch","line":144,"loc":{"start":{"line":144,"column":4},"end":{"line":146,"column":3}},"locations":[{"start":{"line":144,"column":4},"end":{"line":146,"column":3}}]},"14":{"type":"branch","line":155,"loc":{"start":{"line":155,"column":0},"end":{"line":210,"column":1}},"locations":[{"start":{"line":155,"column":0},"end":{"line":210,"column":1}}]},"15":{"type":"branch","line":162,"loc":{"start":{"line":162,"column":32},"end":{"line":165,"column":5}},"locations":[{"start":{"line":162,"column":32},"end":{"line":165,"column":5}}]},"16":{"type":"branch","line":204,"loc":{"start":{"line":204,"column":2},"end":{"line":209,"column":3}},"locations":[{"start":{"line":204,"column":2},"end":{"line":209,"column":3}}]},"17":{"type":"branch","line":176,"loc":{"start":{"line":176,"column":45},"end":{"line":197,"column":5}},"locations":[{"start":{"line":176,"column":45},"end":{"line":197,"column":5}}]},"18":{"type":"branch","line":193,"loc":{"start":{"line":193,"column":6},"end":{"line":196,"column":7}},"locations":[{"start":{"line":193,"column":6},"end":{"line":196,"column":7}}]},"19":{"type":"branch","line":217,"loc":{"start":{"line":217,"column":0},"end":{"line":236,"column":1}},"locations":[{"start":{"line":217,"column":0},"end":{"line":236,"column":1}}]},"20":{"type":"branch","line":230,"loc":{"start":{"line":230,"column":2},"end":{"line":235,"column":3}},"locations":[{"start":{"line":230,"column":2},"end":{"line":235,"column":3}}]},"21":{"type":"branch","line":243,"loc":{"start":{"line":243,"column":0},"end":{"line":260,"column":1}},"locations":[{"start":{"line":243,"column":0},"end":{"line":260,"column":1}}]},"22":{"type":"branch","line":256,"loc":{"start":{"line":256,"column":2},"end":{"line":259,"column":3}},"locations":[{"start":{"line":256,"column":2},"end":{"line":259,"column":3}}]}},"b":{"0":[0],"1":[47],"2":[1051],"3":[0],"4":[10416],"5":[0],"6":[526],"7":[42],"8":[525],"9":[0],"10":[22],"11":[21],"12":[1],"13":[0],"14":[21],"15":[0],"16":[0],"17":[504],"18":[0],"19":[18],"20":[0],"21":[13],"22":[0]},"fnMap":{"0":{"name":"setupHandlebars","decl":{"start":{"line":30,"column":0},"end":{"line":67,"column":1}},"loc":{"start":{"line":30,"column":0},"end":{"line":67,"column":1}},"line":30},"1":{"name":"compileTemplates","decl":{"start":{"line":75,"column":0},"end":{"line":107,"column":1}},"loc":{"start":{"line":75,"column":0},"end":{"line":107,"column":1}},"line":75},"2":{"name":"render","decl":{"start":{"line":86,"column":17},"end":{"line":104,"column":4}},"loc":{"start":{"line":86,"column":17},"end":{"line":104,"column":4}},"line":86},"3":{"name":"generateAttendeePage","decl":{"start":{"line":116,"column":0},"end":{"line":147,"column":1}},"loc":{"start":{"line":116,"column":0},"end":{"line":147,"column":1}},"line":116},"4":{"name":"generateAllAttendeePages","decl":{"start":{"line":155,"column":0},"end":{"line":210,"column":1}},"loc":{"start":{"line":155,"column":0},"end":{"line":210,"column":1}},"line":155},"5":{"name":"copyStaticAssets","decl":{"start":{"line":217,"column":0},"end":{"line":236,"column":1}},"loc":{"start":{"line":217,"column":0},"end":{"line":236,"column":1}},"line":217},"6":{"name":"generateAll","decl":{"start":{"line":243,"column":0},"end":{"line":260,"column":1}},"loc":{"start":{"line":243,"column":0},"end":{"line":260,"column":1}},"line":243}},"f":{"0":47,"1":42,"2":525,"3":22,"4":21,"5":18,"6":13}}
,"/Users/carlos.cubas/Projects/personal-event-summary/src/types/index.ts": {"path":"/Users/carlos.cubas/Projects/personal-event-summary/src/types/index.ts","all":false,"statementMap":{"0":{"start":{"line":1,"column":0},"end":{"line":1,"column":3}},"1":{"start":{"line":2,"column":0},"end":{"line":2,"column":53}},"2":{"start":{"line":3,"column":0},"end":{"line":3,"column":2}},"3":{"start":{"line":4,"column":0},"end":{"line":4,"column":65}},"4":{"start":{"line":5,"column":0},"end":{"line":5,"column":39}},"5":{"start":{"line":6,"column":0},"end":{"line":6,"column":3}},"6":{"start":{"line":7,"column":0},"end":{"line":7,"column":0}},"7":{"start":{"line":8,"column":0},"end":{"line":8,"column":3}},"8":{"start":{"line":9,"column":0},"end":{"line":9,"column":45}},"9":{"start":{"line":10,"column":0},"end":{"line":10,"column":3}},"10":{"start":{"line":11,"column":0},"end":{"line":11,"column":31}},"11":{"start":{"line":12,"column":0},"end":{"line":12,"column":33}},"12":{"start":{"line":13,"column":0},"end":{"line":13,"column":15}},"13":{"start":{"line":14,"column":0},"end":{"line":14,"column":29}},"14":{"start":{"line":15,"column":0},"end":{"line":15,"column":14}},"15":{"start":{"line":16,"column":0},"end":{"line":16,"column":47}},"16":{"start":{"line":17,"column":0},"end":{"line":17,"column":45}},"17":{"start":{"line":18,"column":0},"end":{"line":18,"column":36}},"18":{"start":{"line":19,"column":0},"end":{"line":19,"column":22}},"19":{"start":{"line":20,"column":0},"end":{"line":20,"column":1}},"20":{"start":{"line":21,"column":0},"end":{"line":21,"column":0}},"21":{"start":{"line":22,"column":0},"end":{"line":22,"column":3}},"22":{"start":{"line":23,"column":0},"end":{"line":23,"column":62}},"23":{"start":{"line":24,"column":0},"end":{"line":24,"column":3}},"24":{"start":{"line":25,"column":0},"end":{"line":25,"column":26}},"25":{"start":{"line":26,"column":0},"end":{"line":26,"column":21}},"26":{"start":{"line":27,"column":0},"end":{"line":27,"column":15}},"27":{"start":{"line":28,"column":0},"end":{"line":28,"column":37}},"28":{"start":{"line":29,"column":0},"end":{"line":29,"column":18}},"29":{"start":{"line":30,"column":0},"end":{"line":30,"column":25}},"30":{"start":{"line":31,"column":0},"end":{"line":31,"column":19}},"31":{"start":{"line":32,"column":0},"end":{"line":32,"column":1}},"32":{"start":{"line":33,"column":0},"end":{"line":33,"column":0}},"33":{"start":{"line":34,"column":0},"end":{"line":34,"column":3}},"34":{"start":{"line":35,"column":0},"end":{"line":35,"column":42}},"35":{"start":{"line":36,"column":0},"end":{"line":36,"column":3}},"36":{"start":{"line":37,"column":0},"end":{"line":37,"column":29}},"37":{"start":{"line":38,"column":0},"end":{"line":38,"column":21}},"38":{"start":{"line":39,"column":0},"end":{"line":39,"column":18}},"39":{"start":{"line":40,"column":0},"end":{"line":40,"column":39}},"40":{"start":{"line":41,"column":0},"end":{"line":41,"column":27}},"41":{"start":{"line":42,"column":0},"end":{"line":42,"column":37}},"42":{"start":{"line":43,"column":0},"end":{"line":43,"column":27}},"43":{"start":{"line":44,"column":0},"end":{"line":44,"column":1}},"44":{"start":{"line":45,"column":0},"end":{"line":45,"column":0}},"45":{"start":{"line":46,"column":0},"end":{"line":46,"column":3}},"46":{"start":{"line":47,"column":0},"end":{"line":47,"column":50}},"47":{"start":{"line":48,"column":0},"end":{"line":48,"column":3}},"48":{"start":{"line":49,"column":0},"end":{"line":49,"column":37}},"49":{"start":{"line":50,"column":0},"end":{"line":50,"column":21}},"50":{"start":{"line":51,"column":0},"end":{"line":51,"column":18}},"51":{"start":{"line":52,"column":0},"end":{"line":52,"column":28}},"52":{"start":{"line":53,"column":0},"end":{"line":53,"column":74}},"53":{"start":{"line":54,"column":0},"end":{"line":54,"column":33}},"54":{"start":{"line":55,"column":0},"end":{"line":55,"column":20}},"55":{"start":{"line":56,"column":0},"end":{"line":56,"column":1}},"56":{"start":{"line":57,"column":0},"end":{"line":57,"column":0}},"57":{"start":{"line":58,"column":0},"end":{"line":58,"column":3}},"58":{"start":{"line":59,"column":0},"end":{"line":59,"column":35}},"59":{"start":{"line":60,"column":0},"end":{"line":60,"column":3}},"60":{"start":{"line":61,"column":0},"end":{"line":61,"column":26}},"61":{"start":{"line":62,"column":0},"end":{"line":62,"column":34}},"62":{"start":{"line":63,"column":0},"end":{"line":63,"column":13}},"63":{"start":{"line":64,"column":0},"end":{"line":64,"column":22}},"64":{"start":{"line":65,"column":0},"end":{"line":65,"column":16}},"65":{"start":{"line":66,"column":0},"end":{"line":66,"column":28}},"66":{"start":{"line":67,"column":0},"end":{"line":67,"column":22}},"67":{"start":{"line":68,"column":0},"end":{"line":68,"column":24}},"68":{"start":{"line":69,"column":0},"end":{"line":69,"column":21}},"69":{"start":{"line":70,"column":0},"end":{"line":70,"column":30}},"70":{"start":{"line":71,"column":0},"end":{"line":71,"column":19}},"71":{"start":{"line":72,"column":0},"end":{"line":72,"column":36}},"72":{"start":{"line":73,"column":0},"end":{"line":73,"column":26}},"73":{"start":{"line":74,"column":0},"end":{"line":74,"column":34}},"74":{"start":{"line":75,"column":0},"end":{"line":75,"column":17}},"75":{"start":{"line":76,"column":0},"end":{"line":76,"column":1}},"76":{"start":{"line":77,"column":0},"end":{"line":77,"column":0}},"77":{"start":{"line":78,"column":0},"end":{"line":78,"column":3}},"78":{"start":{"line":79,"column":0},"end":{"line":79,"column":43}},"79":{"start":{"line":80,"column":0},"end":{"line":80,"column":3}},"80":{"start":{"line":81,"column":0},"end":{"line":81,"column":29}},"81":{"start":{"line":82,"column":0},"end":{"line":82,"column":31}},"82":{"start":{"line":83,"column":0},"end":{"line":83,"column":15}},"83":{"start":{"line":84,"column":0},"end":{"line":84,"column":18}},"84":{"start":{"line":85,"column":0},"end":{"line":85,"column":16}},"85":{"start":{"line":86,"column":0},"end":{"line":86,"column":21}},"86":{"start":{"line":87,"column":0},"end":{"line":87,"column":18}},"87":{"start":{"line":88,"column":0},"end":{"line":88,"column":40}},"88":{"start":{"line":89,"column":0},"end":{"line":89,"column":20}},"89":{"start":{"line":90,"column":0},"end":{"line":90,"column":1}},"90":{"start":{"line":91,"column":0},"end":{"line":91,"column":0}},"91":{"start":{"line":92,"column":0},"end":{"line":92,"column":3}},"92":{"start":{"line":93,"column":0},"end":{"line":93,"column":48}},"93":{"start":{"line":94,"column":0},"end":{"line":94,"column":3}},"94":{"start":{"line":95,"column":0},"end":{"line":95,"column":32}},"95":{"start":{"line":96,"column":0},"end":{"line":96,"column":42}},"96":{"start":{"line":97,"column":0},"end":{"line":97,"column":27}},"97":{"start":{"line":98,"column":0},"end":{"line":98,"column":41}},"98":{"start":{"line":99,"column":0},"end":{"line":99,"column":26}},"99":{"start":{"line":100,"column":0},"end":{"line":100,"column":33}},"100":{"start":{"line":101,"column":0},"end":{"line":101,"column":24}},"101":{"start":{"line":102,"column":0},"end":{"line":102,"column":44}},"102":{"start":{"line":103,"column":0},"end":{"line":103,"column":25}},"103":{"start":{"line":104,"column":0},"end":{"line":104,"column":37}},"104":{"start":{"line":105,"column":0},"end":{"line":105,"column":26}},"105":{"start":{"line":106,"column":0},"end":{"line":106,"column":1}},"106":{"start":{"line":107,"column":0},"end":{"line":107,"column":0}},"107":{"start":{"line":108,"column":0},"end":{"line":108,"column":3}},"108":{"start":{"line":109,"column":0},"end":{"line":109,"column":59}},"109":{"start":{"line":110,"column":0},"end":{"line":110,"column":3}},"110":{"start":{"line":111,"column":0},"end":{"line":111,"column":31}},"111":{"start":{"line":112,"column":0},"end":{"line":112,"column":28}},"112":{"start":{"line":113,"column":0},"end":{"line":113,"column":18}},"113":{"start":{"line":114,"column":0},"end":{"line":114,"column":30}},"114":{"start":{"line":115,"column":0},"end":{"line":115,"column":20}},"115":{"start":{"line":116,"column":0},"end":{"line":116,"column":36}},"116":{"start":{"line":117,"column":0},"end":{"line":117,"column":17}},"117":{"start":{"line":118,"column":0},"end":{"line":118,"column":25}},"118":{"start":{"line":119,"column":0},"end":{"line":119,"column":21}},"119":{"start":{"line":120,"column":0},"end":{"line":120,"column":19}},"120":{"start":{"line":121,"column":0},"end":{"line":121,"column":15}},"121":{"start":{"line":122,"column":0},"end":{"line":122,"column":1}},"122":{"start":{"line":123,"column":0},"end":{"line":123,"column":0}},"123":{"start":{"line":124,"column":0},"end":{"line":124,"column":3}},"124":{"start":{"line":125,"column":0},"end":{"line":125,"column":56}},"125":{"start":{"line":126,"column":0},"end":{"line":126,"column":3}},"126":{"start":{"line":127,"column":0},"end":{"line":127,"column":29}},"127":{"start":{"line":128,"column":0},"end":{"line":128,"column":33}},"128":{"start":{"line":129,"column":0},"end":{"line":129,"column":22}},"129":{"start":{"line":130,"column":0},"end":{"line":130,"column":34}},"130":{"start":{"line":131,"column":0},"end":{"line":131,"column":19}},"131":{"start":{"line":132,"column":0},"end":{"line":132,"column":31}},"132":{"start":{"line":133,"column":0},"end":{"line":133,"column":22}},"133":{"start":{"line":134,"column":0},"end":{"line":134,"column":28}},"134":{"start":{"line":135,"column":0},"end":{"line":135,"column":19}},"135":{"start":{"line":136,"column":0},"end":{"line":136,"column":31}},"136":{"start":{"line":137,"column":0},"end":{"line":137,"column":21}},"137":{"start":{"line":138,"column":0},"end":{"line":138,"column":1}},"138":{"start":{"line":139,"column":0},"end":{"line":139,"column":0}},"139":{"start":{"line":140,"column":0},"end":{"line":140,"column":3}},"140":{"start":{"line":141,"column":0},"end":{"line":141,"column":66}},"141":{"start":{"line":142,"column":0},"end":{"line":142,"column":3}},"142":{"start":{"line":143,"column":0},"end":{"line":143,"column":29}},"143":{"start":{"line":144,"column":0},"end":{"line":144,"column":61}},"144":{"start":{"line":145,"column":0},"end":{"line":145,"column":15}},"145":{"start":{"line":146,"column":0},"end":{"line":146,"column":39}},"146":{"start":{"line":147,"column":0},"end":{"line":147,"column":21}},"147":{"start":{"line":148,"column":0},"end":{"line":148,"column":64}},"148":{"start":{"line":149,"column":0},"end":{"line":149,"column":16}},"149":{"start":{"line":150,"column":0},"end":{"line":150,"column":37}},"150":{"start":{"line":151,"column":0},"end":{"line":151,"column":23}},"151":{"start":{"line":152,"column":0},"end":{"line":152,"column":1}},"152":{"start":{"line":153,"column":0},"end":{"line":153,"column":0}},"153":{"start":{"line":154,"column":0},"end":{"line":154,"column":3}},"154":{"start":{"line":155,"column":0},"end":{"line":155,"column":64}},"155":{"start":{"line":156,"column":0},"end":{"line":156,"column":3}},"156":{"start":{"line":157,"column":0},"end":{"line":157,"column":31}},"157":{"start":{"line":158,"column":0},"end":{"line":158,"column":47}},"158":{"start":{"line":159,"column":0},"end":{"line":159,"column":21}},"159":{"start":{"line":160,"column":0},"end":{"line":160,"column":26}},"160":{"start":{"line":161,"column":0},"end":{"line":161,"column":22}},"161":{"start":{"line":162,"column":0},"end":{"line":162,"column":30}},"162":{"start":{"line":163,"column":0},"end":{"line":163,"column":23}},"163":{"start":{"line":164,"column":0},"end":{"line":164,"column":28}},"164":{"start":{"line":165,"column":0},"end":{"line":165,"column":25}},"165":{"start":{"line":166,"column":0},"end":{"line":166,"column":1}},"166":{"start":{"line":167,"column":0},"end":{"line":167,"column":0}},"167":{"start":{"line":168,"column":0},"end":{"line":168,"column":3}},"168":{"start":{"line":169,"column":0},"end":{"line":169,"column":60}},"169":{"start":{"line":170,"column":0},"end":{"line":170,"column":44}},"170":{"start":{"line":171,"column":0},"end":{"line":171,"column":3}},"171":{"start":{"line":172,"column":0},"end":{"line":172,"column":35}},"172":{"start":{"line":173,"column":0},"end":{"line":173,"column":32}},"173":{"start":{"line":174,"column":0},"end":{"line":174,"column":18}},"174":{"start":{"line":175,"column":0},"end":{"line":175,"column":27}},"175":{"start":{"line":176,"column":0},"end":{"line":176,"column":20}},"176":{"start":{"line":177,"column":0},"end":{"line":177,"column":27}},"177":{"start":{"line":178,"column":0},"end":{"line":178,"column":20}},"178":{"start":{"line":179,"column":0},"end":{"line":179,"column":22}},"179":{"start":{"line":180,"column":0},"end":{"line":180,"column":23}},"180":{"start":{"line":181,"column":0},"end":{"line":181,"column":28}},"181":{"start":{"line":182,"column":0},"end":{"line":182,"column":25}},"182":{"start":{"line":183,"column":0},"end":{"line":183,"column":29}},"183":{"start":{"line":184,"column":0},"end":{"line":184,"column":25}},"184":{"start":{"line":185,"column":0},"end":{"line":185,"column":29}},"185":{"start":{"line":186,"column":0},"end":{"line":186,"column":23}},"186":{"start":{"line":187,"column":0},"end":{"line":187,"column":23}},"187":{"start":{"line":188,"column":0},"end":{"line":188,"column":19}},"188":{"start":{"line":189,"column":0},"end":{"line":189,"column":20}},"189":{"start":{"line":190,"column":0},"end":{"line":190,"column":22}},"190":{"start":{"line":191,"column":0},"end":{"line":191,"column":30}},"191":{"start":{"line":192,"column":0},"end":{"line":192,"column":21}},"192":{"start":{"line":193,"column":0},"end":{"line":193,"column":1}},"193":{"start":{"line":194,"column":0},"end":{"line":194,"column":0}},"194":{"start":{"line":195,"column":0},"end":{"line":195,"column":3}},"195":{"start":{"line":196,"column":0},"end":{"line":196,"column":22}},"196":{"start":{"line":197,"column":0},"end":{"line":197,"column":3}},"197":{"start":{"line":198,"column":0},"end":{"line":198,"column":24}},"198":{"start":{"line":199,"column":0},"end":{"line":199,"column":32}},"199":{"start":{"line":200,"column":0},"end":{"line":200,"column":13}},"200":{"start":{"line":201,"column":0},"end":{"line":201,"column":19}},"201":{"start":{"line":202,"column":0},"end":{"line":202,"column":15}},"202":{"start":{"line":203,"column":0},"end":{"line":203,"column":26}},"203":{"start":{"line":204,"column":0},"end":{"line":204,"column":22}},"204":{"start":{"line":205,"column":0},"end":{"line":205,"column":37}},"205":{"start":{"line":206,"column":0},"end":{"line":206,"column":19}},"206":{"start":{"line":207,"column":0},"end":{"line":207,"column":25}},"207":{"start":{"line":208,"column":0},"end":{"line":208,"column":20}},"208":{"start":{"line":209,"column":0},"end":{"line":209,"column":23}},"209":{"start":{"line":210,"column":0},"end":{"line":210,"column":18}},"210":{"start":{"line":211,"column":0},"end":{"line":211,"column":34}},"211":{"start":{"line":212,"column":0},"end":{"line":212,"column":25}},"212":{"start":{"line":213,"column":0},"end":{"line":213,"column":41}},"213":{"start":{"line":214,"column":0},"end":{"line":214,"column":24}},"214":{"start":{"line":215,"column":0},"end":{"line":215,"column":26}},"215":{"start":{"line":216,"column":0},"end":{"line":216,"column":21}},"216":{"start":{"line":217,"column":0},"end":{"line":217,"column":39}},"217":{"start":{"line":218,"column":0},"end":{"line":218,"column":19}},"218":{"start":{"line":219,"column":0},"end":{"line":219,"column":54}},"219":{"start":{"line":220,"column":0},"end":{"line":220,"column":33}},"220":{"start":{"line":221,"column":0},"end":{"line":221,"column":1}},"221":{"start":{"line":222,"column":0},"end":{"line":222,"column":0}},"222":{"start":{"line":223,"column":0},"end":{"line":223,"column":3}},"223":{"start":{"line":224,"column":0},"end":{"line":224,"column":54}},"224":{"start":{"line":225,"column":0},"end":{"line":225,"column":3}},"225":{"start":{"line":226,"column":0},"end":{"line":226,"column":27}},"226":{"start":{"line":227,"column":0},"end":{"line":227,"column":35}},"227":{"start":{"line":228,"column":0},"end":{"line":228,"column":13}},"228":{"start":{"line":229,"column":0},"end":{"line":229,"column":28}},"229":{"start":{"line":230,"column":0},"end":{"line":230,"column":20}},"230":{"start":{"line":231,"column":0},"end":{"line":231,"column":27}},"231":{"start":{"line":232,"column":0},"end":{"line":232,"column":19}},"232":{"start":{"line":233,"column":0},"end":{"line":233,"column":23}},"233":{"start":{"line":234,"column":0},"end":{"line":234,"column":16}},"234":{"start":{"line":235,"column":0},"end":{"line":235,"column":21}},"235":{"start":{"line":236,"column":0},"end":{"line":236,"column":18}},"236":{"start":{"line":237,"column":0},"end":{"line":237,"column":18}},"237":{"start":{"line":238,"column":0},"end":{"line":238,"column":16}},"238":{"start":{"line":239,"column":0},"end":{"line":239,"column":47}},"239":{"start":{"line":240,"column":0},"end":{"line":240,"column":18}},"240":{"start":{"line":241,"column":0},"end":{"line":241,"column":47}},"241":{"start":{"line":242,"column":0},"end":{"line":242,"column":22}},"242":{"start":{"line":243,"column":0},"end":{"line":243,"column":38}},"243":{"start":{"line":244,"column":0},"end":{"line":244,"column":28}},"244":{"start":{"line":245,"column":0},"end":{"line":245,"column":47}},"245":{"start":{"line":246,"column":0},"end":{"line":246,"column":23}},"246":{"start":{"line":247,"column":0},"end":{"line":247,"column":47}},"247":{"start":{"line":248,"column":0},"end":{"line":248,"column":32}},"248":{"start":{"line":249,"column":0},"end":{"line":249,"column":26}},"249":{"start":{"line":250,"column":0},"end":{"line":250,"column":23}},"250":{"start":{"line":251,"column":0},"end":{"line":251,"column":50}},"251":{"start":{"line":252,"column":0},"end":{"line":252,"column":31}},"252":{"start":{"line":253,"column":0},"end":{"line":253,"column":47}},"253":{"start":{"line":254,"column":0},"end":{"line":254,"column":31}},"254":{"start":{"line":255,"column":0},"end":{"line":255,"column":53}},"255":{"start":{"line":256,"column":0},"end":{"line":256,"column":45}},"256":{"start":{"line":257,"column":0},"end":{"line":257,"column":1}},"257":{"start":{"line":258,"column":0},"end":{"line":258,"column":0}},"258":{"start":{"line":259,"column":0},"end":{"line":259,"column":3}},"259":{"start":{"line":260,"column":0},"end":{"line":260,"column":52}},"260":{"start":{"line":261,"column":0},"end":{"line":261,"column":3}},"261":{"start":{"line":262,"column":0},"end":{"line":262,"column":53}},"262":{"start":{"line":263,"column":0},"end":{"line":263,"column":60}},"263":{"start":{"line":264,"column":0},"end":{"line":264,"column":25}},"264":{"start":{"line":265,"column":0},"end":{"line":265,"column":10}},"265":{"start":{"line":266,"column":0},"end":{"line":266,"column":31}},"266":{"start":{"line":267,"column":0},"end":{"line":267,"column":33}},"267":{"start":{"line":268,"column":0},"end":{"line":268,"column":40}},"268":{"start":{"line":269,"column":0},"end":{"line":269,"column":37}},"269":{"start":{"line":270,"column":0},"end":{"line":270,"column":38}},"270":{"start":{"line":271,"column":0},"end":{"line":271,"column":36}},"271":{"start":{"line":272,"column":0},"end":{"line":272,"column":43}},"272":{"start":{"line":273,"column":0},"end":{"line":273,"column":42}},"273":{"start":{"line":274,"column":0},"end":{"line":274,"column":36}},"274":{"start":{"line":275,"column":0},"end":{"line":275,"column":4}},"275":{"start":{"line":276,"column":0},"end":{"line":276,"column":1}},"276":{"start":{"line":277,"column":0},"end":{"line":277,"column":0}},"277":{"start":{"line":278,"column":0},"end":{"line":278,"column":3}},"278":{"start":{"line":279,"column":0},"end":{"line":279,"column":54}},"279":{"start":{"line":280,"column":0},"end":{"line":280,"column":3}},"280":{"start":{"line":281,"column":0},"end":{"line":281,"column":57}},"281":{"start":{"line":282,"column":0},"end":{"line":282,"column":60}},"282":{"start":{"line":283,"column":0},"end":{"line":283,"column":27}},"283":{"start":{"line":284,"column":0},"end":{"line":284,"column":10}},"284":{"start":{"line":285,"column":0},"end":{"line":285,"column":31}},"285":{"start":{"line":286,"column":0},"end":{"line":286,"column":34}},"286":{"start":{"line":287,"column":0},"end":{"line":287,"column":40}},"287":{"start":{"line":288,"column":0},"end":{"line":288,"column":32}},"288":{"start":{"line":289,"column":0},"end":{"line":289,"column":53}},"289":{"start":{"line":290,"column":0},"end":{"line":290,"column":37}},"290":{"start":{"line":291,"column":0},"end":{"line":291,"column":41}},"291":{"start":{"line":292,"column":0},"end":{"line":292,"column":4}},"292":{"start":{"line":293,"column":0},"end":{"line":293,"column":1}},"293":{"start":{"line":294,"column":0},"end":{"line":294,"column":0}},"294":{"start":{"line":295,"column":0},"end":{"line":295,"column":3}},"295":{"start":{"line":296,"column":0},"end":{"line":296,"column":55}},"296":{"start":{"line":297,"column":0},"end":{"line":297,"column":3}},"297":{"start":{"line":298,"column":0},"end":{"line":298,"column":59}},"298":{"start":{"line":299,"column":0},"end":{"line":299,"column":60}},"299":{"start":{"line":300,"column":0},"end":{"line":300,"column":28}},"300":{"start":{"line":301,"column":0},"end":{"line":301,"column":0}},"301":{"start":{"line":302,"column":0},"end":{"line":302,"column":26}},"302":{"start":{"line":303,"column":0},"end":{"line":303,"column":29}},"303":{"start":{"line":304,"column":0},"end":{"line":304,"column":31}},"304":{"start":{"line":305,"column":0},"end":{"line":305,"column":38}},"305":{"start":{"line":306,"column":0},"end":{"line":306,"column":37}},"306":{"start":{"line":307,"column":0},"end":{"line":307,"column":34}},"307":{"start":{"line":308,"column":0},"end":{"line":308,"column":36}},"308":{"start":{"line":309,"column":0},"end":{"line":309,"column":34}},"309":{"start":{"line":310,"column":0},"end":{"line":310,"column":36}},"310":{"start":{"line":311,"column":0},"end":{"line":311,"column":32}},"311":{"start":{"line":312,"column":0},"end":{"line":312,"column":35}},"312":{"start":{"line":313,"column":0},"end":{"line":313,"column":37}},"313":{"start":{"line":314,"column":0},"end":{"line":314,"column":34}},"314":{"start":{"line":315,"column":0},"end":{"line":315,"column":38}},"315":{"start":{"line":316,"column":0},"end":{"line":316,"column":4}},"316":{"start":{"line":317,"column":0},"end":{"line":317,"column":0}},"317":{"start":{"line":318,"column":0},"end":{"line":318,"column":39}},"318":{"start":{"line":319,"column":0},"end":{"line":319,"column":0}},"319":{"start":{"line":320,"column":0},"end":{"line":320,"column":44}},"320":{"start":{"line":321,"column":0},"end":{"line":321,"column":79}},"321":{"start":{"line":322,"column":0},"end":{"line":322,"column":17}},"322":{"start":{"line":323,"column":0},"end":{"line":323,"column":3}},"323":{"start":{"line":324,"column":0},"end":{"line":324,"column":0}},"324":{"start":{"line":325,"column":0},"end":{"line":325,"column":73}},"325":{"start":{"line":326,"column":0},"end":{"line":326,"column":17}},"326":{"start":{"line":327,"column":0},"end":{"line":327,"column":3}},"327":{"start":{"line":328,"column":0},"end":{"line":328,"column":0}},"328":{"start":{"line":329,"column":0},"end":{"line":329,"column":85}},"329":{"start":{"line":330,"column":0},"end":{"line":330,"column":17}},"330":{"start":{"line":331,"column":0},"end":{"line":331,"column":3}},"331":{"start":{"line":332,"column":0},"end":{"line":332,"column":0}},"332":{"start":{"line":333,"column":0},"end":{"line":333,"column":14}},"333":{"start":{"line":334,"column":0},"end":{"line":334,"column":1}},"334":{"start":{"line":335,"column":0},"end":{"line":335,"column":0}},"335":{"start":{"line":336,"column":0},"end":{"line":336,"column":3}},"336":{"start":{"line":337,"column":0},"end":{"line":337,"column":59}},"337":{"start":{"line":338,"column":0},"end":{"line":338,"column":3}},"338":{"start":{"line":339,"column":0},"end":{"line":339,"column":67}},"339":{"start":{"line":340,"column":0},"end":{"line":340,"column":60}},"340":{"start":{"line":341,"column":0},"end":{"line":341,"column":34}},"341":{"start":{"line":342,"column":0},"end":{"line":342,"column":10}},"342":{"start":{"line":343,"column":0},"end":{"line":343,"column":35}},"343":{"start":{"line":344,"column":0},"end":{"line":344,"column":34}},"344":{"start":{"line":345,"column":0},"end":{"line":345,"column":83}},"345":{"start":{"line":346,"column":0},"end":{"line":346,"column":4}},"346":{"start":{"line":347,"column":0},"end":{"line":347,"column":1}},"347":{"start":{"line":348,"column":0},"end":{"line":348,"column":0}},"348":{"start":{"line":349,"column":0},"end":{"line":349,"column":3}},"349":{"start":{"line":350,"column":0},"end":{"line":350,"column":70}},"350":{"start":{"line":351,"column":0},"end":{"line":351,"column":3}},"351":{"start":{"line":352,"column":0},"end":{"line":352,"column":67}},"352":{"start":{"line":353,"column":0},"end":{"line":353,"column":60}},"353":{"start":{"line":354,"column":0},"end":{"line":354,"column":33}},"354":{"start":{"line":355,"column":0},"end":{"line":355,"column":10}},"355":{"start":{"line":356,"column":0},"end":{"line":356,"column":37}},"356":{"start":{"line":357,"column":0},"end":{"line":357,"column":39}},"357":{"start":{"line":358,"column":0},"end":{"line":358,"column":36}},"358":{"start":{"line":359,"colum
[...]
e":403,"column":42}},"403":{"start":{"line":404,"column":0},"end":{"line":404,"column":41}},"404":{"start":{"line":405,"column":0},"end":{"line":405,"column":4}},"405":{"start":{"line":406,"column":0},"end":{"line":406,"column":1}},"406":{"start":{"line":407,"column":0},"end":{"line":407,"column":0}},"407":{"start":{"line":408,"column":0},"end":{"line":408,"column":3}},"408":{"start":{"line":409,"column":0},"end":{"line":409,"column":74}},"409":{"start":{"line":410,"column":0},"end":{"line":410,"column":3}},"410":{"start":{"line":411,"column":0},"end":{"line":411,"column":75}},"411":{"start":{"line":412,"column":0},"end":{"line":412,"column":60}},"412":{"start":{"line":413,"column":0},"end":{"line":413,"column":38}},"413":{"start":{"line":414,"column":0},"end":{"line":414,"column":0}},"414":{"start":{"line":415,"column":0},"end":{"line":415,"column":29}},"415":{"start":{"line":416,"column":0},"end":{"line":416,"column":38}},"416":{"start":{"line":417,"column":0},"end":{"line":417,"column":40}},"417":{"start":{"line":418,"column":0},"end":{"line":418,"column":40}},"418":{"start":{"line":419,"column":0},"end":{"line":419,"column":33}},"419":{"start":{"line":420,"column":0},"end":{"line":420,"column":35}},"420":{"start":{"line":421,"column":0},"end":{"line":421,"column":35}},"421":{"start":{"line":422,"column":0},"end":{"line":422,"column":30}},"422":{"start":{"line":423,"column":0},"end":{"line":423,"column":4}},"423":{"start":{"line":424,"column":0},"end":{"line":424,"column":0}},"424":{"start":{"line":425,"column":0},"end":{"line":425,"column":39}},"425":{"start":{"line":426,"column":0},"end":{"line":426,"column":0}},"426":{"start":{"line":427,"column":0},"end":{"line":427,"column":40}},"427":{"start":{"line":428,"column":0},"end":{"line":428,"column":69}},"428":{"start":{"line":429,"column":0},"end":{"line":429,"column":17}},"429":{"start":{"line":430,"column":0},"end":{"line":430,"column":3}},"430":{"start":{"line":431,"column":0},"end":{"line":431,"column":75}},"431":{"start":{"line":432,"column":0},"end":{"line":432,"column":17}},"432":{"start":{"line":433,"column":0},"end":{"line":433,"column":3}},"433":{"start":{"line":434,"column":0},"end":{"line":434,"column":73}},"434":{"start":{"line":435,"column":0},"end":{"line":435,"column":17}},"435":{"start":{"line":436,"column":0},"end":{"line":436,"column":3}},"436":{"start":{"line":437,"column":0},"end":{"line":437,"column":0}},"437":{"start":{"line":438,"column":0},"end":{"line":438,"column":14}},"438":{"start":{"line":439,"column":0},"end":{"line":439,"column":1}}},"s":{"0":1,"1":1,"2":1,"3":1,"4":1,"5":1,"6":1,"7":1,"8":1,"9":1,"10":1,"11":1,"12":1,"13":1,"14":1,"15":1,"16":1,"17":1,"18":1,"19":1,"20":1,"21":1,"22":1,"23":1,"24":1,"25":1,"26":1,"27":1,"28":1,"29":1,"30":1,"31":1,"32":1,"33":1,"34":1,"35":1,"36":1,"37":1,"38":1,"39":1,"40":1,"41":1,"42":1,"43":1,"44":1,"45":1,"46":1,"47":1,"48":1,"49":1,"50":1,"51":1,"52":1,"53":1,"54":1,"55":1,"56":1,"57":1,"58":1,"59":1,"60":1,"61":1,"62":1,"63":1,"64":1,"65":1,"66":1,"67":1,"68":1,"69":1,"70":1,"71":1,"72":1,"73":1,"74":1,"75":1,"76":1,"77":1,"78":1,"79":1,"80":1,"81":1,"82":1,"83":1,"84":1,"85":1,"86":1,"87":1,"88":1,"89":1,"90":1,"91":1,"92":1,"93":1,"94":1,"95":1,"96":1,"97":1,"98":1,"99":1,"100":1,"101":1,"102":1,"103":1,"104":1,"105":1,"106":1,"107":1,"108":1,"109":1,"110":1,"111":1,"112":1,"113":1,"114":1,"115":1,"116":1,"117":1,"118":1,"119":1,"120":1,"121":1,"122":1,"123":1,"124":1,"125":1,"126":1,"127":1,"128":1,"129":1,"130":1,"131":1,"132":1,"133":1,"134":1,"135":1,"136":1,"137":1,"138":1,"139":1,"140":1,"141":1,"142":1,"143":1,"144":1,"145":1,"146":1,"147":1,"148":1,"149":1,"150":1,"151":1,"152":1,"153":1,"154":1,"155":1,"156":1,"157":1,"158":1,"159":1,"160":1,"161":1,"162":1,"163":1,"164":1,"165":1,"166":1,"167":1,"168":1,"169":1,"170":1,"171":1,"172":1,"173":1,"174":1,"175":1,"176":1,"177":1,"178":1,"179":1,"180":1,"181":1,"182":1,"183":1,"184":1,"185":1,"186":1,"187":1,"188":1,"189":1,"190":1,"191":1,"192":1,"193":1,"194":1,"195":1,"196":1,"197":1,"198":1,"199":1,"200":1,"201":1,"202":1,"203":1,"204":1,"205":1,"206":1,"207":1,"208":1,"209":1,"210":1,"211":1,"212":1,"213":1,"214":1,"215":1,"216":1,"217":1,"218":1,"219":1,"220":1,"221":1,"222":1,"223":1,"224":1,"225":1,"226":1,"227":1,"228":1,"229":1,"230":1,"231":1,"232":1,"233":1,"234":1,"235":1,"236":1,"237":1,"238":1,"239":1,"240":1,"241":1,"242":1,"243":1,"244":1,"245":1,"246":1,"247":1,"248":1,"249":1,"250":1,"251":1,"252":1,"253":1,"254":1,"255":1,"256":1,"257":1,"258":1,"259":1,"260":1,"261":1,"262":532,"263":532,"264":532,"265":532,"266":532,"267":532,"268":531,"269":531,"270":531,"271":531,"272":531,"273":531,"274":532,"275":532,"276":1,"277":1,"278":1,"279":1,"280":1,"281":2,"282":2,"283":2,"284":2,"285":2,"286":2,"287":2,"288":1,"289":1,"290":1,"291":2,"292":2,"293":1,"294":1,"295":1,"296":1,"297":1,"298":691,"299":687,"300":687,"301":687,"302":687,"303":687,"304":686,"305":686,"306":685,"307":685,"308":685,"309":685,"310":685,"311":685,"312":685,"313":685,"314":685,"315":691,"316":691,"317":691,"318":685,"319":685,"320":691,"321":1,"322":1,"323":684,"324":691,"325":1,"326":1,"327":683,"328":691,"329":1,"330":1,"331":682,"332":682,"333":682,"334":1,"335":1,"336":1,"337":1,"338":1,"339":3,"340":3,"341":3,"342":3,"343":3,"344":3,"345":3,"346":3,"347":1,"348":1,"349":1,"350":1,"351":1,"352":531,"353":531,"354":531,"355":531,"356":531,"357":531,"358":531,"359":531,"360":531,"361":531,"362":1,"363":1,"364":1,"365":1,"366":1,"367":531,"368":531,"369":531,"370":531,"371":531,"372":531,"373":531,"374":531,"375":531,"376":531,"377":1,"378":1,"379":1,"380":1,"381":1,"382":531,"383":531,"384":531,"385":531,"386":531,"387":531,"388":531,"389":531,"390":531,"391":531,"392":1,"393":1,"394":1,"395":1,"396":1,"397":531,"398":531,"399":531,"400":531,"401":531,"402":531,"403":531,"404":531,"405":531,"406":1,"407":1,"408":1,"409":1,"410":1,"411":531,"412":531,"413":531,"414":531,"415":531,"416":531,"417":531,"418":531,"419":531,"420":531,"421":531,"422":531,"423":531,"424":531,"425":531,"426":531,"427":531,"428":0,"429":0,"430":531,"431":0,"432":0,"433":531,"434":0,"435":0,"436":531,"437":531,"438":531},"branchMap":{"0":{"type":"branch","line":262,"loc":{"start":{"line":262,"column":7},"end":{"line":276,"column":1}},"locations":[{"start":{"line":262,"column":7},"end":{"line":276,"column":1}}]},"1":{"type":"branch","line":263,"loc":{"start":{"line":263,"column":47},"end":{"line":263,"column":60}},"locations":[{"start":{"line":263,"column":47},"end":{"line":263,"column":60}}]},"2":{"type":"branch","line":268,"loc":{"start":{"line":268,"column":29},"end":{"line":269,"column":37}},"locations":[{"start":{"line":268,"column":29},"end":{"line":269,"column":37}}]},"3":{"type":"branch","line":269,"loc":{"start":{"line":269,"column":26},"end":{"line":270,"column":38}},"locations":[{"start":{"line":269,"column":26},"end":{"line":270,"column":38}}]},"4":{"type":"branch","line":270,"loc":{"start":{"line":270,"column":27},"end":{"line":271,"column":36}},"locations":[{"start":{"line":270,"column":27},"end":{"line":271,"column":36}}]},"5":{"type":"branch","line":271,"loc":{"start":{"line":271,"column":25},"end":{"line":272,"column":43}},"locations":[{"start":{"line":271,"column":25},"end":{"line":272,"column":43}}]},"6":{"type":"branch","line":272,"loc":{"start":{"line":272,"column":32},"end":{"line":273,"column":42}},"locations":[{"start":{"line":272,"column":32},"end":{"line":273,"column":42}}]},"7":{"type":"branch","line":273,"loc":{"start":{"line":273,"column":31},"end":{"line":274,"column":36}},"locations":[{"start":{"line":273,"column":31},"end":{"line":274,"column":36}}]},"8":{"type":"branch","line":281,"loc":{"start":{"line":281,"column":7},"end":{"line":293,"column":1}},"locations":[{"start":{"line":281,"column":7},"end":{"line":293,"column":1}}]},"9":{"type":"branch","line":282,"loc":{"start":{"line":282,"column":47},"end":{"line":282,"column":60}},"locations":[{"start":{"line":282,"column":47},"end":{"line":282,"column":60}}]},"10":{"type":"branch","line":288,"loc":{"start":{"line":288,"column":28},"end":{"line":289,"column":53}},"locations":[{"start":{"line":288,"column":28},"end":{"line":289,"column":53}}]},"11":{"type":"branch","line":289,"loc":{"start":{"line":289,"column":49},"end":{"line":290,"column":37}},"locations":[{"start":{"line":289,"column":49},"end":{"line":290,"column":37}}]},"12":{"type":"branch","line":290,"loc":{"start":{"line":290,"column":26},"end":{"line":291,"column":41}},"locations":[{"start":{"line":290,"column":26},"end":{"line":291,"column":41}}]},"13":{"type":"branch","line":289,"loc":{"start":{"line":289,"column":21},"end":{"line":289,"column":49}},"locations":[{"start":{"line":289,"column":21},"end":{"line":289,"column":49}}]},"14":{"type":"branch","line":298,"loc":{"start":{"line":298,"column":7},"end":{"line":334,"column":1}},"locations":[{"start":{"line":298,"column":7},"end":{"line":334,"column":1}}]},"15":{"type":"branch","line":299,"loc":{"start":{"line":299,"column":21},"end":{"line":299,"column":47}},"locations":[{"start":{"line":299,"column":21},"end":{"line":299,"column":47}}]},"16":{"type":"branch","line":299,"loc":{"start":{"line":299,"column":47},"end":{"line":299,"column":60}},"locations":[{"start":{"line":299,"column":47},"end":{"line":299,"column":60}}]},"17":{"type":"branch","line":299,"loc":{"start":{"line":299,"column":54},"end":{"line":304,"column":31}},"locations":[{"start":{"line":299,"column":54},"end":{"line":304,"column":31}}]},"18":{"type":"branch","line":304,"loc":{"start":{"line":304,"column":20},"end":{"line":305,"column":38}},"locations":[{"start":{"line":304,"column":20},"end":{"line":305,"column":38}}]},"19":{"type":"branch","line":305,"loc":{"start":{"line":305,"column":27},"end":{"line":306,"column":37}},"locations":[{"start":{"line":305,"column":27},"end":{"line":306,"column":37}}]},"20":{"type":"branch","line":306,"loc":{"start":{"line":306,"column":26},"end":{"line":307,"column":34}},"locations":[{"start":{"line":306,"column":26},"end":{"line":307,"column":34}}]},"21":{"type":"branch","line":307,"loc":{"start":{"line":307,"column":23},"end":{"line":308,"column":36}},"locations":[{"start":{"line":307,"column":23},"end":{"line":308,"column":36}}]},"22":{"type":"branch","line":308,"loc":{"start":{"line":308,"column":25},"end":{"line":309,"column":34}},"locations":[{"start":{"line":308,"column":25},"end":{"line":309,"column":34}}]},"23":{"type":"branch","line":309,"loc":{"start":{"line":309,"column":23},"end":{"line":310,"column":36}},"locations":[{"start":{"line":309,"column":23},"end":{"line":310,"column":36}}]},"24":{"type":"branch","line":310,"loc":{"start":{"line":310,"column":25},"end":{"line":311,"column":32}},"locations":[{"start":{"line":310,"column":25},"end":{"line":311,"column":32}}]},"25":{"type":"branch","line":311,"loc":{"start":{"line":311,"column":28},"end":{"line":312,"column":35}},"locations":[{"start":{"line":311,"column":28},"end":{"line":312,"column":35}}]},"26":{"type":"branch","line":312,"loc":{"start":{"line":312,"column":31},"end":{"line":313,"column":37}},"locations":[{"start":{"line":312,"column":31},"end":{"line":313,"column":37}}]},"27":{"type":"branch","line":313,"loc":{"start":{"line":313,"column":33},"end":{"line":314,"column":34}},"locations":[{"start":{"line":313,"column":33},"end":{"line":314,"column":34}}]},"28":{"type":"branch","line":314,"loc":{"start":{"line":314,"column":23},"end":{"line":315,"column":38}},"locations":[{"start":{"line":314,"column":23},"end":{"line":315,"column":38}}]},"29":{"type":"branch","line":318,"loc":{"start":{"line":318,"column":26},"end":{"line":318,"column":39}},"locations":[{"start":{"line":318,"column":26},"end":{"line":318,"column":39}}]},"30":{"type":"branch","line":318,"loc":{"start":{"line":318,"column":33},"end":{"line":321,"column":42}},"locations":[{"start":{"line":318,"column":33},"end":{"line":321,"column":42}}]},"31":{"type":"branch","line":321,"loc":{"start":{"line":321,"column":29},"end":{"line":321,"column":78}},"locations":[{"start":{"line":321,"column":29},"end":{"line":321,"column":78}}]},"32":{"type":"branch","line":321,"loc":{"start":{"line":321,"column":78},"end":{"line":323,"column":3}},"locations":[{"start":{"line":321,"column":78},"end":{"line":323,"column":3}}]},"33":{"type":"branch","line":323,"loc":{"start":{"line":323,"column":2},"end":{"line":325,"column":39}},"locations":[{"start":{"line":323,"column":2},"end":{"line":325,"column":39}}]},"34":{"type":"branch","line":325,"loc":{"start":{"line":325,"column":26},"end":{"line":325,"column":72}},"locations":[{"start":{"line":325,"column":26},"end":{"line":325,"column":72}}]},"35":{"type":"branch","line":325,"loc":{"start":{"line":325,"column":72},"end":{"line":327,"column":3}},"locations":[{"start":{"line":325,"column":72},"end":{"line":327,"column":3}}]},"36":{"type":"branch","line":327,"loc":{"start":{"line":327,"column":2},"end":{"line":329,"column":45}},"locations":[{"start":{"line":327,"column":2},"end":{"line":329,"column":45}}]},"37":{"type":"branch","line":329,"loc":{"start":{"line":329,"column":32},"end":{"line":329,"column":84}},"locations":[{"start":{"line":329,"column":32},"end":{"line":329,"column":84}}]},"38":{"type":"branch","line":329,"loc":{"start":{"line":329,"column":84},"end":{"line":331,"column":3}},"locations":[{"start":{"line":329,"column":84},"end":{"line":331,"column":3}}]},"39":{"type":"branch","line":331,"loc":{"start":{"line":331,"column":2},"end":{"line":334,"column":1}},"locations":[{"start":{"line":331,"column":2},"end":{"line":334,"column":1}}]},"40":{"type":"branch","line":339,"loc":{"start":{"line":339,"column":7},"end":{"line":347,"column":1}},"locations":[{"start":{"line":339,"column":7},"end":{"line":347,"column":1}}]},"41":{"type":"branch","line":340,"loc":{"start":{"line":340,"column":47},"end":{"line":340,"column":60}},"locations":[{"start":{"line":340,"column":47},"end":{"line":340,"column":60}}]},"42":{"type":"branch","line":345,"loc":{"start":{"line":345,"column":18},"end":{"line":345,"column":59}},"locations":[{"start":{"line":345,"column":18},"end":{"line":345,"column":59}}]},"43":{"type":"branch","line":345,"loc":{"start":{"line":345,"column":44},"end":{"line":345,"column":83}},"locations":[{"start":{"line":345,"column":44},"end":{"line":345,"column":83}}]},"44":{"type":"branch","line":352,"loc":{"start":{"line":352,"column":7},"end":{"line":362,"column":1}},"locations":[{"start":{"line":352,"column":7},"end":{"line":362,"column":1}}]},"45":{"type":"branch","line":353,"loc":{"start":{"line":353,"column":47},"end":{"line":353,"column":60}},"locations":[{"start":{"line":353,"column":47},"end":{"line":353,"column":60}}]},"46":{"type":"branch","line":367,"loc":{"start":{"line":367,"column":7},"end":{"line":377,"column":1}},"locations":[{"start":{"line":367,"column":7},"end":{"line":377,"column":1}}]},"47":{"type":"branch","line":368,"loc":{"start":{"line":368,"column":47},"end":{"line":368,"column":60}},"locations":[{"start":{"line":368,"column":47},"end":{"line":368,"column":60}}]},"48":{"type":"branch","line":382,"loc":{"start":{"line":382,"column":7},"end":{"line":392,"column":1}},"locations":[{"start":{"line":382,"column":7},"end":{"line":392,"column":1}}]},"49":{"type":"branch","line":383,"loc":{"start":{"line":383,"column":47},"end":{"line":383,"column":60}},"locations":[{"start":{"line":383,"column":47},"end":{"line":383,"column":60}}]},"50":{"type":"branch","line":388,"loc":{"start":{"line":388,"column":22},"end":{"line":388,"column":48}},"locations":[{"start":{"line":388,"column":22},"end":{"line":388,"column":48}}]},"51":{"type":"branch","line":397,"loc":{"start":{"line":397,"column":7},"end":{"line":406,"column":1}},"locations":[{"start":{"line":397,"column":7},"end":{"line":406,"column":1}}]},"52":{"type":"branch","line":398,"loc":{"start":{"line":398,"column":47},"end":{"line":398,"column":60}},"locations":[{"start":{"line":398,"column":47},"end":{"line":398,"column":60}}]},"53":{"type":"branch","line":411,"loc":{"start":{"line":411,"column":7},"end":{"line":439,"column":1}},"locations":[{"start":{"line":411,"column":7},"end":{"line":439,"column":1}}]},"54":{"type":"branch","line":412,"loc":{"start":{"line":412,"column":47},"end":{"line":412,"column":60}},"locations":[{"start":{"line":412,"column":47},"end":{"line":412,"column":60}}]},"55":{"type":"branch","line":425,"loc":{"start":{"line":425,"column":26},"end":{"line":425,"column":39}},"locations":[{"start":{"line":425,"column":26},"end":{"line":425,"column":39}}]},"56":{"type":"branch","line":428,"loc":{"start":{"line":428,"column":22},"end":{"line":428,"column":68}},"locations":[{"start":{"line":428,"column":22},"end":{"line":428,"column":68}}]},"57":{"type":"branch","line":428,"loc":{"start":{"line":428,"column":68},"end":{"line":430,"column":3}},"locations":[{"start":{"line":428,"column":68},"end":{"line":430,"column":3}}]},"58":{"type":"branch","line":431,"loc":{"start":{"line":431,"column":25},"end":{"line":431,"column":74}},"locations":[{"start":{"line":431,"column":25},"end":{"line":431,"column":74}}]},"59":{"type":"branch","line":431,"loc":{"start":{"line":431,"column":74},"end":{"line":433,"column":3}},"locations":[{"start":{"line":431,"column":74},"end":{"line":433,"column":3}}]},"60":{"type":"branch","line":434,"loc":{"start":{"line":434,"column":24},"end":{"line":434,"column":72}},"locations":[{"start":{"line":434,"column":24},"end":{"line":434,"column":72}}]},"61":{"type":"branch","line":434,"loc":{"start":{"line":434,"column":72},"end":{"line":436,"column":3}},"locations":[{"start":{"line":434,"column":72},"end":{"line":436,"column":3}}]}},"b":{"0":[532],"1":[0],"2":[531],"3":[531],"4":[531],"5":[531],"6":[531],"7":[531],"8":[2],"9":[0],"10":[1],"11":[1],"12":[1],"13":[1],"14":[691],"15":[688],"16":[4],"17":[687],"18":[686],"19":[686],"20":[685],"21":[685],"22":[685],"23":[685],"24":[685],"25":[685],"26":[685],"27":[685],"28":[685],"29":[2],"30":[685],"31":[355],"32":[1],"33":[684],"34":[355],"35":[1],"36":[683],"37":[355],"38":[1],"39":[682],"40":[3],"41":[0],"42":[2],"43":[1],"44":[531],"45":[0],"46":[531],"47":[0],"48":[531],"49":[0],"50":[4551],"51":[531],"52":[0],"53":[531],"54":[0],"55":[0],"56":[278],"57":[0],"58":[278],"59":[0],"60":[278],"61":[0]},"fnMap":{"0":{"name":"isEvent","decl":{"start":{"line":262,"column":7},"end":{"line":276,"column":1}},"loc":{"start":{"line":262,"column":7},"end":{"line":276,"column":1}},"line":262},"1":{"name":"isSession","decl":{"start":{"line":281,"column":7},"end":{"line":293,"column":1}},"loc":{"start":{"line":281,"column":7},"end":{"line":293,"column":1}},"line":281},"2":{"name":"isAttendee","decl":{"start":{"line":298,"column":7},"end":{"line":334,"column":1}},"loc":{"start":{"line":298,"column":7},"end":{"line":334,"column":1}},"line":298},"3":{"name":"isCallToAction","decl":{"start":{"line":339,"column":7},"end":{"line":347,"column":1}},"loc":{"start":{"line":339,"column":7},"end":{"line":347,"column":1}},"line":339},"4":{"name":"isColorPalette","decl":{"start":{"line":352,"column":7},"end":{"line":362,"column":1}},"loc":{"start":{"line":352,"column":7},"end":{"line":362,"column":1}},"line":352},"5":{"name":"isTypography","decl":{"start":{"line":367,"column":7},"end":{"line":377,"column":1}},"loc":{"start":{"line":367,"column":7},"end":{"line":377,"column":1}},"line":367},"6":{"name":"isBrandVoice","decl":{"start":{"line":382,"column":7},"end":{"line":392,"column":1}},"loc":{"start":{"line":382,"column":7},"end":{"line":392,"column":1}},"line":382},"7":{"name":"isLayoutConfig","decl":{"start":{"line":397,"column":7},"end":{"line":406,"column":1}},"loc":{"start":{"line":397,"column":7},"end":{"line":406,"column":1}},"line":397},"8":{"name":"isEventStyleConfig","decl":{"start":{"line":411,"column":7},"end":{"line":439,"column":1}},"loc":{"start":{"line":411,"column":7},"end":{"line":439,"column":1}},"line":411}},"f":{"0":532,"1":2,"2":691,"3":3,"4":531,"5":531,"6":531,"7":531,"8":531}}
}
